<?xml version="1.0" encoding="UTF-8"?>
<coverage generated="1790227950801" clover="3.2.0">
  <project timestamp="1790227950802" name="All files">
    <metrics statements="744" coveredstatements="673" conditionals="216" coveredconditionals="157" methods="95" coveredmethods="82" elements="1055" coveredelements="912" complexity="0" loc="744" ncloc="744" packages="5" files="13" classes="13"/>
    <package name="api.file:.app.src.api">
      <metrics statements="70" coveredstatements="62" conditionals="12" coveredconditionals="7" methods="9" coveredmethods="9"/>
      <file name="nhl.ts" path="/app/src/api/file:/app/src/api/nhl.ts">
        <metrics statements="66" coveredstatements="58" conditionals="12" coveredconditionals="7" methods="8" coveredmethods="8"/>
        <line num="1" count="2" type="stmt"/>
        <line num="11" count="2" type="stmt"/>
        <line num="13" count="2" type="stmt"/>
        <line num="21" count="3" type="stmt"/>
        <line num="22" count="3" type="stmt"/>
        <line num="23" count="3" type="stmt"/>
        <line num="24" count="3" type="cond" truecount="1" falsecount="1"/>
        <line num="25" count="3" type="stmt"/>
        <line num="26" count="3" type="stmt"/>
        <line num="34" count="2" type="stmt"/>
        <line num="35" count="3" type="stmt"/>
        <line num="36" count="3" type="stmt"/>
        <line num="37" count="3" type="stmt"/>
        <line num="38" count="3" type="stmt"/>
        <line num="39" count="2" type="stmt"/>
        <line num="42" count="2" type="stmt"/>
        <line num="43" count="3" type="cond" truecount="0" falsecount="1"/>
        <line num="44" count="3" type="cond" truecount="1" falsecount="2"/>
        <line num="45" count="3" type="cond" truecount="3" falsecount="0"/>
        <line num="46" count="2" type="stmt"/>
        <line num="49" count="2" type="cond" truecount="1" falsecount="0"/>
        <line num="51" count="1" type="stmt"/>
        <line num="52" count="1" type="stmt"/>
        <line num="53" count="1" type="stmt"/>
        <line num="54" count="1" type="stmt"/>
        <line num="55" count="1" type="stmt"/>
        <line num="56" count="1" type="stmt"/>
        <line num="57" count="1" type="stmt"/>
        <line num="58" count="1" type="stmt"/>
        <line num="59" count="1" type="cond" truecount="1" falsecount="1"/>
        <line num="60" count="0" type="stmt"/>
        <line num="62" count="1" type="stmt"/>
        <line num="65" count="0" type="stmt"/>
        <line num="69" count="2" type="stmt"/>
        <line num="71" count="1" type="stmt"/>
        <line num="72" count="1" type="stmt"/>
        <line num="82" count="2" type="stmt"/>
        <line num="83" count="2" type="stmt"/>
        <line num="84" count="2" type="stmt"/>
        <line num="87" count="1" type="stmt"/>
        <line num="89" count="1" type="stmt"/>
        <line num="90" count="1" type="stmt"/>
        <line num="100" count="2" type="stmt"/>
        <line num="101" count="1" type="stmt"/>
        <line num="102" count="1" type="stmt"/>
        <line num="105" count="1" type="stmt"/>
        <line num="107" count="0" type="stmt"/>
        <line num="108" count="0" type="stmt"/>
        <line num="118" count="2" type="stmt"/>
        <line num="119" count="2" type="stmt"/>
        <line num="120" count="2" type="stmt"/>
        <line num="123" count="1" type="stmt"/>
        <line num="125" count="1" type="stmt"/>
        <line num="126" count="1" type="stmt"/>
        <line num="136" count="2" type="stmt"/>
        <line num="137" count="1" type="stmt"/>
        <line num="138" count="1" type="stmt"/>
        <line num="139" count="1" type="stmt"/>
        <line num="141" count="0" type="stmt"/>
        <line num="142" count="0" type="stmt"/>
        <line num="152" count="2" type="stmt"/>
        <line num="153" count="1" type="stmt"/>
        <line num="154" count="1" type="stmt"/>
        <line num="157" count="1" type="stmt"/>
        <line num="159" count="0" type="stmt"/>
        <line num="160" count="0" type="stmt"/>
      </file>
      <file name="utils.ts" path="/app/src/api/file:/app/src/api/utils.ts">
        <metrics statements="4" coveredstatements="4" conditionals="0" coveredconditionals="0" methods="1" coveredmethods="1"/>
        <line num="6" count="1" type="stmt"/>
        <line num="7" count="3" type="stmt"/>
        <line num="8" count="3" type="stmt"/>
        <line num="42" count="3" type="stmt"/>
      </file>
    </package>
    <package name="file:.app.src">
      <metrics statements="87" coveredstatements="81" conditionals="24" coveredconditionals="21" methods="22" coveredmethods="20"/>
      <file name="utils.ts" path="/app/src/file:/app/src/utils.ts">
        <metrics statements="87" coveredstatements="81" conditionals="24" coveredconditionals="21" methods="22" coveredmethods="20"/>
        <line num="1" count="1" type="stmt"/>
        <line num="9" count="1" type="stmt"/>
        <line num="15" count="1" type="stmt"/>
        <line num="16" count="0" type="stmt"/>
        <line num="23" count="1" type="stmt"/>
        <line num="24" count="0" type="stmt"/>
        <line num="33" count="1" type="stmt"/>
        <line num="34" count="8" type="stmt"/>
        <line num="35" count="8" type="stmt"/>
        <line num="36" count="8" type="cond" truecount="3" falsecount="0"/>
        <line num="37" count="2" type="stmt"/>
        <line num="39" count="6" type="cond" truecount="3" falsecount="0"/>
        <line num="40" count="1" type="stmt"/>
        <line num="42" count="5" type="cond" truecount="3" falsecount="0"/>
        <line num="43" count="1" type="stmt"/>
        <line num="45" count="4" type="stmt"/>
        <line num="54" count="1" type="stmt"/>
        <line num="56" count="1" type="cond" truecount="0" falsecount="1"/>
        <line num="57" count="0" type="stmt"/>
        <line num="60" count="1" type="stmt"/>
        <line num="69" count="1" type="stmt"/>
        <line num="70" count="1" type="stmt"/>
        <line num="71" count="1" type="stmt"/>
        <line num="72" count="3" type="stmt"/>
        <line num="74" count="1" type="stmt"/>
        <line num="83" count="1" type="stmt"/>
        <line num="84" count="1" type="stmt"/>
        <line num="85" count="1" type="stmt"/>
        <line num="86" count="2" type="stmt"/>
        <line num="88" count="1" type="stmt"/>
        <line num="97" count="1" type="stmt"/>
        <line num="98" count="1" type="stmt"/>
        <line num="99" count="1" type="stmt"/>
        <line num="100" count="0" type="stmt"/>
        <line num="102" count="1" type="stmt"/>
        <line num="111" count="1" type="stmt"/>
        <line num="112" count="1" type="stmt"/>
        <line num="121" count="1" type="stmt"/>
        <line num="125" count="1" type="stmt"/>
        <line num="134" count="1" type="stmt"/>
        <line num="136" count="3" type="stmt"/>
        <line num="139" count="3" type="stmt"/>
        <line num="141" count="3" type="stmt"/>
        <line num="151" count="1" type="stmt"/>
        <line num="152" count="1" type="stmt"/>
        <line num="153" count="1" type="stmt"/>
        <line num="154" count="1" type="stmt"/>
        <line num="155" count="2" type="stmt"/>
        <line num="157" count="1" type="stmt"/>
        <line num="167" count="1" type="stmt"/>
        <line num="168" count="2" type="stmt"/>
        <line num="169" count="2" type="stmt"/>
        <line num="170" count="5" type="stmt"/>
        <line num="172" count="2" type="stmt"/>
        <line num="181" count="1" type="stmt"/>
        <line num="182" count="1" type="stmt"/>
        <line num="183" count="1" type="stmt"/>
        <line num="192" count="1" type="stmt"/>
        <line num="193" count="10" type="cond" truecount="1" falsecount="0"/>
        <line num="194" count="7" type="cond" truecount="1" falsecount="0"/>
        <line num="195" count="6" type="cond" truecount="1" falsecount="0"/>
        <line num="196" count="5" type="cond" truecount="1" falsecount="0"/>
        <line num="197" count="3" type="cond" truecount="3" falsecount="0"/>
        <line num="198" count="2" type="stmt"/>
        <line num="208" count="1" type="stmt"/>
        <line num="209" count="4" type="stmt"/>
        <line num="210" count="4" type="cond" truecount="1" falsecount="0"/>
        <line num="212" count="2" type="stmt"/>
        <line num="213" count="2" type="stmt"/>
        <line num="214" count="2" type="stmt"/>
        <line num="216" count="4" type="stmt"/>
        <line num="226" count="1" type="stmt"/>
        <line num="231" count="1" type="stmt"/>
        <line num="232" count="1" type="stmt"/>
        <line num="234" count="1" type="stmt"/>
        <line num="235" count="2" type="stmt"/>
        <line num="236" count="2" type="stmt"/>
        <line num="241" count="1" type="stmt"/>
        <line num="245" count="2" type="cond" truecount="2" falsecount="0"/>
        <line num="246" count="1" type="stmt"/>
        <line num="248" count="1" type="stmt"/>
        <line num="253" count="1" type="stmt"/>
        <line num="262" count="2" type="cond" truecount="2" falsecount="2"/>
        <line num="264" count="0" type="stmt"/>
        <line num="266" count="1" type="stmt"/>
        <line num="268" count="0" type="stmt"/>
        <line num="270" count="1" type="stmt"/>
      </file>
    </package>
    <package name="graphic.edgeGoalVisualizer.file:.app.src.graphic.edgeGoalVisualizer">
      <metrics statements="76" coveredstatements="76" conditionals="25" coveredconditionals="22" methods="4" coveredmethods="4"/>
      <file name="createRink.ts" path="/app/src/graphic/edgeGoalVisualizer/file:/app/src/graphic/edgeGoalVisualizer/createRink.ts">
        <metrics statements="34" coveredstatements="34" conditionals="2" coveredconditionals="1" methods="2" coveredmethods="2"/>
        <line num="1" count="2" type="stmt"/>
        <line num="2" count="2" type="stmt"/>
        <line num="3" count="2" type="stmt"/>
        <line num="27" count="2" type="stmt"/>
        <line num="28" count="18" type="stmt"/>
        <line num="31" count="18" type="stmt"/>
        <line num="32" count="18" type="stmt"/>
        <line num="33" count="18" type="stmt"/>
        <line num="34" count="18" type="stmt"/>
        <line num="35" count="18" type="stmt"/>
        <line num="38" count="18" type="stmt"/>
        <line num="39" count="18" type="stmt"/>
        <line num="42" count="18" type="stmt"/>
        <line num="49" count="18" type="stmt"/>
        <line num="57" count="18" type="stmt"/>
        <line num="63" count="18" type="stmt"/>
        <line num="70" count="18" type="stmt"/>
        <line num="76" count="18" type="stmt"/>
        <line num="84" count="18" type="stmt"/>
        <line num="86" count="18" type="stmt"/>
        <line num="87" count="18" type="stmt"/>
        <line num="88" count="18" type="stmt"/>
        <line num="89" count="17" type="stmt"/>
        <line num="90" count="17" type="stmt"/>
        <line num="91" count="17" type="cond" truecount="1" falsecount="1"/>
        <line num="92" count="17" type="stmt"/>
        <line num="95" count="1" type="stmt"/>
        <line num="99" count="18" type="stmt"/>
        <line num="105" count="18" type="stmt"/>
        <line num="111" count="18" type="stmt"/>
        <line num="116" count="18" type="stmt"/>
        <line num="124" count="2" type="stmt"/>
        <line num="125" count="4" type="stmt"/>
        <line num="126" count="4" type="stmt"/>
      </file>
      <file name="renderTrackingFrame.ts" path="/app/src/graphic/edgeGoalVisualizer/file:/app/src/graphic/edgeGoalVisualizer/renderTrackingFrame.ts">
        <metrics statements="42" coveredstatements="42" conditionals="23" coveredconditionals="21" methods="2" coveredmethods="2"/>
        <line num="1" count="1" type="stmt"/>
        <line num="2" count="1" type="stmt"/>
        <line num="3" count="1" type="stmt"/>
        <line num="47" count="1" type="stmt"/>
        <line num="57" count="6" type="stmt"/>
        <line num="60" count="6" type="stmt"/>
        <line num="63" count="6" type="stmt"/>
        <line num="64" count="6" type="stmt"/>
        <line num="67" count="6" type="stmt"/>
        <line num="68" count="6" type="stmt"/>
        <line num="70" count="6" type="stmt"/>
        <line num="72" count="66" type="cond" truecount="3" falsecount="0"/>
        <line num="74" count="66" type="cond" truecount="2" falsecount="0"/>
        <line num="76" count="6" type="stmt"/>
        <line num="84" count="60" type="stmt"/>
        <line num="85" count="60" type="stmt"/>
        <line num="86" count="60" type="stmt"/>
        <line num="88" count="60" type="stmt"/>
        <line num="89" count="60" type="stmt"/>
        <line num="90" count="60" type="stmt"/>
        <line num="92" count="60" type="cond" truecount="1" falsecount="1"/>
        <line num="99" count="60" type="stmt"/>
        <line num="102" count="60" type="stmt"/>
        <line num="105" count="60" type="cond" truecount="1" falsecount="0"/>
        <line num="106" count="2" type="stmt"/>
        <line num="110" count="60" type="cond" truecount="2" falsecount="0"/>
        <line num="112" count="30" type="stmt"/>
        <line num="115" count="30" type="stmt"/>
        <line num="119" count="60" type="cond" truecount="3" falsecount="0"/>
        <line num="120" count="60" type="cond" truecount="2" falsecount="0"/>
        <line num="121" count="60" type="stmt"/>
        <line num="126" count="60" type="stmt"/>
        <line num="127" count="60" type="stmt"/>
        <line num="133" count="6" type="stmt"/>
        <line num="134" count="6" type="stmt"/>
        <line num="135" count="6" type="cond" truecount="1" falsecount="0"/>
        <line num="138" count="6" type="stmt"/>
        <line num="143" count="6" type="stmt"/>
        <line num="149" count="6" type="stmt"/>
        <line num="159" count="1" type="stmt"/>
        <line num="165" count="2" type="stmt"/>
        <line num="166" count="2" type="stmt"/>
      </file>
    </package>
    <package name="graphic.file:.app.src.graphic">
      <metrics statements="452" coveredstatements="414" conditionals="122" coveredconditionals="82" methods="46" coveredmethods="41"/>
      <file name="game.ts" path="/app/src/graphic/file:/app/src/graphic/game.ts">
        <metrics statements="16" coveredstatements="16" conditionals="0" coveredconditionals="0" methods="1" coveredmethods="1"/>
        <line num="1" count="1" type="stmt"/>
        <line num="2" count="1" type="stmt"/>
        <line num="3" count="1" type="stmt"/>
        <line num="51" count="1" type="stmt"/>
        <line num="52" count="1" type="stmt"/>
        <line num="54" count="1" type="stmt"/>
        <line num="62" count="1" type="stmt"/>
        <line num="70" count="1" type="stmt"/>
        <line num="72" count="1" type="stmt"/>
        <line num="78" count="1" type="stmt"/>
        <line num="87" count="1" type="stmt"/>
        <line num="88" count="1" type="stmt"/>
        <line num="89" count="1" type="stmt"/>
        <line num="91" count="1" type="stmt"/>
        <line num="208" count="1" type="stmt"/>
        <line num="209" count="1" type="stmt"/>
      </file>
      <file name="intermission.ts" path="/app/src/graphic/file:/app/src/graphic/intermission.ts">
        <metrics statements="32" coveredstatements="30" conditionals="8" coveredconditionals="4" methods="3" coveredmethods="3"/>
        <line num="1" count="1" type="stmt"/>
        <line num="2" count="1" type="stmt"/>
        <line num="3" count="1" type="stmt"/>
        <line num="75" count="1" type="stmt"/>
        <line num="78" count="1" type="stmt"/>
        <line num="80" count="1" type="stmt"/>
        <line num="88" count="1" type="stmt"/>
        <line num="95" count="1" type="stmt"/>
        <line num="97" count="1" type="stmt"/>
        <line num="103" count="1" type="stmt"/>
        <line num="112" count="1" type="stmt"/>
        <line num="113" count="1" type="cond" truecount="1" falsecount="1"/>
        <line num="114" count="1" type="cond" truecount="1" falsecount="1"/>
        <line num="116" count="1" type="stmt"/>
        <line num="249" count="1" type="stmt"/>
        <line num="251" count="1" type="stmt"/>
        <line num="252" count="1" type="stmt"/>
        <line num="254" count="1" type="stmt"/>
        <line num="255" count="1" type="stmt"/>
        <line num="257" count="1" type="stmt"/>
        <line num="265" count="1" type="stmt"/>
        <line num="274" count="1" type="stmt"/>
        <line num="282" count="1" type="stmt"/>
        <line num="291" count="1" type="stmt"/>
        <line num="298" count="2" type="cond" truecount="1" falsecount="1"/>
        <line num="299" count="2" type="stmt"/>
        <line num="301" count="0" type="stmt"/>
        <line num="308" count="1" type="stmt"/>
        <line num="315" count="1" type="cond" truecount="1" falsecount="1"/>
        <line num="316" count="1" type="stmt"/>
        <line num="318" count="0" type="stmt"/>
        <line num="325" count="1" type="stmt"/>
      </file>
      <file name="liveAdvancedGameStats.ts" path="/app/src/graphic/file:/app/src/graphic/liveAdvancedGameStats.ts">
        <metrics statements="21" coveredstatements="21" conditionals="2" coveredconditionals="1" methods="3" coveredmethods="3"/>
        <line num="1" count="1" type="stmt"/>
        <line num="2" count="1" type="stmt"/>
        <line num="3" count="1" type="stmt"/>
        <line num="28" count="48" type="stmt"/>
        <line num="31" count="1" type="stmt"/>
        <line num="34" count="2" type="stmt"/>
        <line num="36" count="2" type="stmt"/>
        <line num="44" count="2" type="stmt"/>
        <line num="52" count="2" type="stmt"/>
        <line num="54" count="2" type="stmt"/>
        <line num="60" count="2" type="stmt"/>
        <line num="71" count="2" type="stmt"/>
        <line num="72" count="2" type="stmt"/>
        <line num="73" count="2" type="stmt"/>
        <line num="74" count="2" type="stmt"/>
        <line num="75" count="2" type="stmt"/>
        <line num="77" count="2" type="stmt"/>
        <line num="82" count="24" type="stmt"/>
        <line num="98" count="2" type="stmt"/>
        <line num="121" count="2" type="stmt"/>
        <line num="122" count="2" type="stmt"/>
      </file>
      <file name="postGame.ts" path="/app/src/graphic/file:/app/src/graphic/postGame.ts">
        <metrics statements="32" coveredstatements="31" conditionals="8" coveredconditionals="5" methods="3" coveredmethods="3"/>
        <line num="1" count="1" type="stmt"/>
        <line num="2" count="1" type="stmt"/>
        <line num="3" count="1" type="stmt"/>
        <line num="75" count="1" type="stmt"/>
        <line num="78" count="1" type="stmt"/>
        <line num="80" count="1" type="stmt"/>
        <line num="88" count="1" type="stmt"/>
        <line num="96" count="1" type="stmt"/>
        <line num="97" count="1" type="stmt"/>
        <line num="103" count="1" type="stmt"/>
        <line num="112" count="1" type="stmt"/>
        <line num="113" count="1" type="cond" truecount="1" falsecount="1"/>
        <line num="114" count="1" type="cond" truecount="1" falsecount="1"/>
        <line num="116" count="1" type="stmt"/>
        <line num="249" count="1" type="stmt"/>
        <line num="251" count="1" type="stmt"/>
        <line num="252" count="1" type="stmt"/>
        <line num="253" count="1" type="stmt"/>
        <line num="254" count="1" type="stmt"/>
        <line num="256" count="1" type="stmt"/>
        <line num="264" count="1" type="stmt"/>
        <line num="273" count="1" type="stmt"/>
        <line num="281" count="1" type="stmt"/>
        <line num="290" count="1" type="stmt"/>
        <line num="297" count="4" type="cond" truecount="2" falsecount="0"/>
        <line num="298" count="3" type="stmt"/>
        <line num="300" count="1" type="stmt"/>
        <line num="307" count="1" type="stmt"/>
        <line num="314" count="2" type="cond" truecount="1" falsecount="1"/>
        <line num="315" count="2" type="stmt"/>
        <line num="317" count="0" type="stmt"/>
        <line num="324" count="1" type="stmt"/>
      </file>
      <file name="preGame.ts" path="/app/src/graphic/file:/app/src/graphic/preGame.ts">
        <metrics statements="26" coveredstatements="26" conditionals="0" coveredconditionals="0" methods="1" coveredmethods="1"/>
        <line num="1" count="1" type="stmt"/>
        <line num="2" count="1" type="stmt"/>
        <line num="3" count="1" type="stmt"/>
        <line num="33" count="1" type="stmt"/>
        <line num="46" count="1" type="stmt"/>
        <line num="48" count="1" type="stmt"/>
        <line num="50" count="1" type="stmt"/>
        <line num="58" count="1" type="stmt"/>
        <line num="66" count="1" type="stmt"/>
        <line num="68" count="1" type="stmt"/>
        <line num="74" count="1" type="stmt"/>
        <line num="83" count="1" type="stmt"/>
        <line num="84" count="1" type="stmt"/>
        <line num="85" count="1" type="stmt"/>
        <line num="86" count="1" type="stmt"/>
        <line num="88" count="1" type="stmt"/>
        <line num="96" count="1" type="stmt"/>
        <line num="105" count="1" type="stmt"/>
        <line num="114" count="1" type="stmt"/>
        <line num="122" count="1" type="stmt"/>
        <line num="131" count="1" type="stmt"/>
        <line num="140" count="1" type="stmt"/>
        <line num="149" count="1" type="stmt"/>
        <line num="158" count="1" type="stmt"/>
        <line num="167" count="1" type="stmt"/>
        <line num="176" count="1" type="stmt"/>
      </file>
      <file name="shotChart.ts" path="/app/src/graphic/file:/app/src/graphic/shotChart.ts">
        <metrics statements="182" coveredstatements="158" conditionals="78" coveredconditionals="54" methods="15" coveredmethods="12"/>
        <line num="1" count="1" type="stmt"/>
        <line num="2" count="1" type="stmt"/>
        <line num="4" count="1" type="stmt"/>
        <line num="5" count="1" type="stmt"/>
        <line num="6" count="1" type="stmt"/>
        <line num="7" count="1" type="stmt"/>
        <line num="8" count="1" type="stmt"/>
        <line num="46" count="51" type="stmt"/>
        <line num="48" count="51" type="stmt"/>
        <line num="49" count="51" type="stmt"/>
        <line num="51" count="51" type="cond" truecount="0" falsecount="1"/>
        <line num="52" count="0" type="stmt"/>
        <line num="53" count="0" type="stmt"/>
        <line num="57" count="51" type="cond" truecount="0" falsecount="1"/>
        <line num="58" count="0" type="cond" truecount="0" falsecount="4"/>
        <line num="60" count="0" type="stmt"/>
        <line num="61" count="0" type="stmt"/>
        <line num="62" count="0" type="cond" truecount="0" falsecount="3"/>
        <line num="64" count="0" type="stmt"/>
        <line num="65" count="0" type="stmt"/>
        <line num="69" count="51" type="stmt"/>
        <line num="75" count="1" type="stmt"/>
        <line num="79" count="17" type="stmt"/>
        <line num="80" count="17" type="stmt"/>
        <line num="82" count="17" type="stmt"/>
        <line num="84" count="77" type="cond" truecount="0" falsecount="1"/>
        <line num="85" count="0" type="stmt"/>
        <line num="90" count="77" type="cond" truecount="4" falsecount="0"/>
        <line num="95" count="77" type="cond" truecount="1" falsecount="0"/>
        <line num="96" count="16" type="stmt"/>
        <line num="100" count="61" type="cond" truecount="5" falsecount="1"/>
        <line num="101" count="0" type="stmt"/>
        <line num="102" count="0" type="stmt"/>
        <line num="103" count="0" type="stmt"/>
        <line num="106" count="61" type="cond" truecount="5" falsecount="0"/>
        <line num="107" count="1" type="stmt"/>
        <line num="111" count="60" type="cond" truecount="3" falsecount="0"/>
        <line num="113" count="20" type="stmt"/>
        <line num="114" count="20" type="cond" truecount="3" falsecount="0"/>
        <line num="115" count="17" type="cond" truecount="3" falsecount="0"/>
        <line num="120" count="51" type="cond" truecount="2" falsecount="0"/>
        <line num="127" count="51" type="stmt"/>
        <line num="128" count="51" type="cond" truecount="0" falsecount="1"/>
        <line num="129" count="0" type="cond" truecount="0" falsecount="2"/>
        <line num="134" count="51" type="cond" truecount="1" falsecount="0"/>
        <line num="135" count="88" type="stmt"/>
        <line num="136" count="51" type="cond" truecount="1" falsecount="0"/>
        <line num="137" count="51" type="stmt"/>
        <line num="142" count="51" type="stmt"/>
        <line num="143" count="51" type="stmt"/>
        <line num="144" count="51" type="stmt"/>
        <line num="152" count="51" type="stmt"/>
        <line num="163" count="17" type="cond" truecount="0" falsecount="1"/>
        <line num="164" count="0" type="stmt"/>
        <line num="167" count="51" type="stmt"/>
        <line num="168" count="17" type="stmt"/>
        <line num="170" count="17" type="stmt"/>
        <line num="178" count="20" type="stmt"/>
        <line num="179" count="20" type="cond" truecount="0" falsecount="1"/>
        <line num="180" count="0" type="cond" truecount="0" falsecount="2"/>
        <line num="184" count="20" type="cond" truecount="2" falsecount="0"/>
        <line num="187" count="20" type="cond" truecount="1" falsecount="0"/>
        <line num="188" count="35" type="stmt"/>
        <line num="189" count="20" type="cond" truecount="1" falsecount="0"/>
        <line num="190" count="20" type="cond" truecount="2" falsecount="0"/>
        <line num="194" count="0" type="stmt"/>
        <line num="203" count="51" type="cond" truecount="4" falsecount="1"/>
        <line num="205" count="13" type="stmt"/>
        <line num="207" count="13" type="stmt"/>
        <line num="209" count="12" type="stmt"/>
        <line num="211" count="13" type="stmt"/>
        <line num="213" count="0" type="stmt"/>
        <line num="223" count="1" type="stmt"/>
        <line num="228" count="13" type="stmt"/>
        <line num="229" count="13" type="stmt"/>
        <line num="232" count="13" type="stmt"/>
        <line num="235" count="12" type="stmt"/>
        <line num="241" count="12" type="stmt"/>
        <line num="243" count="12" type="cond" truecount="1" falsecount="0"/>
        <line num="244" count="1" type="stmt"/>
        <line num="245" count="1" type="stmt"/>
        <line num="249" count="22" type="stmt"/>
        <line num="250" count="11" type="stmt"/>
        <line num="252" count="11" type="stmt"/>
        <line num="253" count="11" type="stmt"/>
        <line num="254" count="11" type="stmt"/>
        <line num="257" count="11" type="stmt"/>
        <line num="258" count="0" type="stmt"/>
        <line num="260" count="11" type="stmt"/>
        <line num="261" count="0" type="stmt"/>
        <line num="265" count="11" type="stmt"/>
        <line num="266" count="11" type="stmt"/>
        <line num="267" count="11" type="stmt"/>
        <line num="270" count="11" type="cond" truecount="2" falsecount="0"/>
        <line num="271" count="11" type="cond" truecount="2" falsecount="0"/>
        <line num="272" count="11" type="stmt"/>
        <line num="273" count="11" type="stmt"/>
        <line num="276" count="22" type="stmt"/>
        <line num="277" count="11" type="stmt"/>
        <line num="278" count="11" type="stmt"/>
        <line num="279" count="11" type="stmt"/>
        <line num="280" count="11" type="stmt"/>
        <line num="283" count="11" type="stmt"/>
        <line num="286" count="11" type="cond" truecount="1" falsecount="0"/>
        <line num="287" count="1" type="stmt"/>
        <line num="288" count="1" type="stmt"/>
        <line num="296" count="11" type="cond" truecount="1" falsecount="0"/>
        <line num="297" count="11" type="stmt"/>
        <line num="301" count="0" type="cond" truecount="0" falsecount="1"/>
        <line num="302" count="0" type="stmt"/>
        <line num="305" count="0" type="cond" truecount="0" falsecount="2"/>
        <line num="315" count="11" type="stmt"/>
        <line num="316" count="11" type="cond" truecount="0" falsecount="1"/>
        <line num="317" count="0" type="stmt"/>
        <line num="321" count="11" type="cond" truecount="1" falsecount="1"/>
        <line num="323" count="11" type="stmt"/>
        <line num="326" count="11" type="stmt"/>
        <line num="327" count="11" type="stmt"/>
        <line num="328" count="11" type="stmt"/>
        <line num="329" count="11" type="stmt"/>
        <line num="332" count="11" type="stmt"/>
        <line num="333" count="11" type="stmt"/>
        <line num="334" count="11" type="stmt"/>
        <line num="335" count="11" type="stmt"/>
        <line num="336" count="11" type="stmt"/>
        <line num="337" count="11" type="stmt"/>
        <line num="338" count="11" type="stmt"/>
        <line num="339" count="11" type="stmt"/>
        <line num="340" count="11" type="stmt"/>
        <line num="341" count="11" type="stmt"/>
        <line num="342" count="11" type="stmt"/>
        <line num="345" count="11" type="stmt"/>
        <line num="351" count="11" type="stmt"/>
        <line num="353" count="33" type="stmt"/>
        <line num="354" count="33" type="stmt"/>
        <line num="355" count="33" type="stmt"/>
        <line num="356" count="33" type="cond" truecount="3" falsecount="0"/>
        <line num="358" count="11" type="stmt"/>
        <line num="359" count="11" type="stmt"/>
        <line num="360" count="11" type="stmt"/>
        <line num="362" count="11" type="stmt"/>
        <line num="363" count="11" type="stmt"/>
        <line num="364" count="11" type="stmt"/>
        <line num="366" count="11" type="stmt"/>
        <line num="367" count="11" type="stmt"/>
        <line num="368" count="11" type="stmt"/>
        <line num="370" count="33" type="stmt"/>
        <line num="371" count="33" type="stmt"/>
        <line num="372" count="33" type="stmt"/>
        <line num="373" count="33" type="stmt"/>
        <line num="374" count="33" type="stmt"/>
        <line num="375" count="33" type="stmt"/>
        <line num="378" count="33" type="stmt"/>
        <line num="379" count="33" type="stmt"/>
        <line num="380" count="33" type="stmt"/>
        <line num="381" count="33" type="stmt"/>
        <line num="382" count="33" type="stmt"/>
        <line num="383" count="33" type="stmt"/>
        <line num="384" count="33" type="stmt"/>
        <line num="385" count="33" type="stmt"/>
        <line num="386" count="33" type="stmt"/>
        <line num="389" count="11" type="stmt"/>
        <line num="392" count="0" type="stmt"/>
        <line num="396" count="11" type="stmt"/>
        <line num="399" count="11" type="stmt"/>
        <line num="400" count="11" type="cond" truecount="1" falsecount="0"/>
        <line num="401" count="1" type="stmt"/>
        <line num="405" count="11" type="stmt"/>
        <line num="412" count="11" type="stmt"/>
        <line num="415" count="11" type="stmt"/>
        <line num="416" count="11" type="stmt"/>
        <line num="417" count="11" type="stmt"/>
        <line num="418" count="11" type="stmt"/>
        <line num="419" count="11" type="stmt"/>
        <line num="421" count="1" type="stmt"/>
        <line num="422" count="1" type="stmt"/>
        <line num="432" count="1" type="stmt"/>
        <line num="436" count="3" type="stmt"/>
        <line num="437" count="3" type="stmt"/>
        <line num="438" count="3" type="stmt"/>
        <line num="440" count="3" type="stmt"/>
        <line num="442" count="3" type="stmt"/>
      </file>
      <file name="utils.ts" path="/app/src/graphic/file:/app/src/graphic/utils.ts">
        <metrics statements="143" coveredstatements="132" conditionals="26" coveredconditionals="18" methods="20" coveredmethods="18"/>
        <line num="1" count="4" type="stmt"/>
        <line num="7" count="4" type="stmt"/>
        <line num="8" count="4" type="stmt"/>
        <line num="9" count="4" type="stmt"/>
        <line num="20" count="4" type="stmt"/>
        <line num="25" count="6" type="stmt"/>
        <line num="26" count="6" type="stmt"/>
        <line num="27" count="6" type="stmt"/>
        <line num="28" count="6" type="stmt"/>
        <line num="38" count="4" type="stmt"/>
        <line num="42" count="6" type="stmt"/>
        <line num="43" count="6" type="stmt"/>
        <line num="44" count="6" type="stmt"/>
        <line num="45" count="6" type="stmt"/>
        <line num="46" count="6" type="stmt"/>
        <line num="47" count="6" type="stmt"/>
        <line num="48" count="6" type="stmt"/>
        <line num="50" count="6" type="stmt"/>
        <line num="51" count="0" type="stmt"/>
        <line num="70" count="4" type="stmt"/>
        <line num="74" count="12" type="stmt"/>
        <line num="75" count="12" type="stmt"/>
        <line num="76" count="12" type="stmt"/>
        <line num="77" count="12" type="stmt"/>
        <line num="99" count="4" type="stmt"/>
        <line num="104" count="4" type="stmt"/>
        <line num="105" count="4" type="stmt"/>
        <line num="106" count="4" type="stmt"/>
        <line num="107" count="4" type="stmt"/>
        <line num="108" count="4" type="stmt"/>
        <line num="109" count="4" type="stmt"/>
        <line num="110" count="4" type="stmt"/>
        <line num="111" count="4" type="stmt"/>
        <line num="112" count="4" type="stmt"/>
        <line num="113" count="9" type="stmt"/>
        <line num="114" count="9" type="stmt"/>
        <line num="115" count="9" type="stmt"/>
        <line num="116" count="57" type="stmt"/>
        <line num="117" count="57" type="stmt"/>
        <line num="118" count="57" type="stmt"/>
        <line num="119" count="57" type="cond" truecount="2" falsecount="0"/>
        <line num="120" count="2" type="stmt"/>
        <line num="125" count="2" type="stmt"/>
        <line num="126" count="2" type="stmt"/>
        <line num="128" count="55" type="stmt"/>
        <line num="131" count="9" type="stmt"/>
        <line num="136" count="9" type="stmt"/>
        <line num="157" count="4" type="stmt"/>
        <line num="161" count="112" type="stmt"/>
        <line num="162" count="112" type="stmt"/>
        <line num="163" count="112" type="stmt"/>
        <line num="164" count="112" type="cond" truecount="1" falsecount="1"/>
        <line num="165" count="112" type="stmt"/>
        <line num="204" count="4" type="stmt"/>
        <line num="208" count="0" type="stmt"/>
        <line num="209" count="0" type="stmt"/>
        <line num="210" count="0" type="stmt"/>
        <line num="211" count="0" type="stmt"/>
        <line num="212" count="0" type="stmt"/>
        <line num="213" count="0" type="stmt"/>
        <line num="214" count="0" type="stmt"/>
        <line num="215" count="0" type="stmt"/>
        <line num="216" count="0" type="stmt"/>
        <line num="236" count="4" type="stmt"/>
        <line num="240" count="6" type="stmt"/>
        <line num="241" count="6" type="stmt"/>
        <line num="242" count="6" type="cond" truecount="1" falsecount="1"/>
        <line num="243" count="6" type="stmt"/>
        <line num="244" count="6" type="stmt"/>
        <line num="245" count="6" type="stmt"/>
        <line num="247" count="0" type="stmt"/>
        <line num="253" count="4" type="stmt"/>
        <line num="288" count="4" type="stmt"/>
        <line num="323" count="4" type="stmt"/>
        <line num="358" count="4" type="stmt"/>
        <line num="359" count="80" type="stmt"/>
        <line num="362" count="80" type="cond" truecount="1" falsecount="0"/>
        <line num="363" count="28" type="stmt"/>
        <line num="367" count="52" type="stmt"/>
        <line num="368" count="1196" type="stmt"/>
        <line num="370" count="52" type="cond" truecount="1" falsecount="0"/>
        <line num="371" count="28" type="stmt"/>
        <line num="372" count="28" type="cond" truecount="1" falsecount="1"/>
        <line num="375" count="24" type="stmt"/>
        <line num="383" count="4" type="stmt"/>
        <line num="384" count="216" type="stmt"/>
        <line num="385" count="216" type="cond" truecount="2" falsecount="0"/>
        <line num="393" count="4" type="stmt"/>
        <line num="394" count="18" type="stmt"/>
        <line num="395" count="18" type="cond" truecount="2" falsecount="0"/>
        <line num="397" count="18" type="cond" truecount="1" falsecount="1"/>
        <line num="406" count="4" type="stmt"/>
        <line num="408" count="70" type="stmt"/>
        <line num="409" count="70" type="cond" truecount="0" falsecount="1"/>
        <line num="411" count="70" type="stmt"/>
        <line num="412" count="70" type="stmt"/>
        <line num="413" count="70" type="stmt"/>
        <line num="415" count="70" type="stmt"/>
        <line num="454" count="4" type="stmt"/>
        <line num="466" count="5" type="stmt"/>
        <line num="468" count="5" type="stmt"/>
        <line num="470" count="5" type="stmt"/>
        <line num="471" count="47" type="stmt"/>
        <line num="472" count="47" type="stmt"/>
        <line num="475" count="47" type="stmt"/>
        <line num="476" count="47" type="stmt"/>
        <line num="477" count="47" type="stmt"/>
        <line num="478" count="47" type="stmt"/>
        <line num="479" count="47" type="stmt"/>
        <line num="482" count="47" type="stmt"/>
        <line num="483" count="47" type="stmt"/>
        <line num="484" count="47" type="stmt"/>
        <line num="485" count="47" type="stmt"/>
        <line num="486" count="47" type="stmt"/>
        <line num="487" count="47" type="stmt"/>
        <line num="488" count="47" type="stmt"/>
        <line num="490" count="47" type="stmt"/>
        <line num="493" count="94" type="stmt"/>
        <line num="494" count="47" type="stmt"/>
        <line num="497" count="47" type="stmt"/>
        <line num="498" count="47" type="stmt"/>
        <line num="501" count="47" type="stmt"/>
        <line num="502" count="94" type="cond" truecount="2" falsecount="0"/>
        <line num="503" count="3" type="stmt"/>
        <line num="504" count="3" type="stmt"/>
        <line num="506" count="91" type="stmt"/>
        <line num="511" count="47" type="cond" truecount="1" falsecount="0"/>
        <line num="512" count="6" type="stmt"/>
        <line num="513" count="3" type="stmt"/>
        <line num="515" count="3" type="cond" truecount="1" falsecount="0"/>
        <line num="516" count="3" type="stmt"/>
        <line num="517" count="6" type="cond" truecount="1" falsecount="0"/>
        <line num="518" count="3" type="stmt"/>
        <line num="519" count="3" type="stmt"/>
        <line num="525" count="47" type="stmt"/>
        <line num="526" count="94" type="stmt"/>
        <line num="529" count="94" type="stmt"/>
        <line num="530" count="94" type="stmt"/>
        <line num="533" count="94" type="stmt"/>
        <line num="542" count="94" type="stmt"/>
        <line num="544" count="47" type="stmt"/>
        <line num="562" count="4" type="stmt"/>
        <line num="563" count="94" type="cond" truecount="1" falsecount="1"/>
      </file>
    </package>
    <package name="social.file:.app.src.social">
      <metrics statements="59" coveredstatements="40" conditionals="33" coveredconditionals="25" methods="14" coveredmethods="8"/>
      <file name="utils.ts" path="/app/src/social/file:/app/src/social/utils.ts">
        <metrics statements="59" coveredstatements="40" conditionals="33" coveredconditionals="25" methods="14" coveredmethods="8"/>
        <line num="1" count="1" type="stmt"/>
        <line num="3" count="1" type="stmt"/>
        <line num="4" count="1" type="stmt"/>
        <line num="5" count="1" type="stmt"/>
        <line num="6" count="1" type="stmt"/>
        <line num="9" count="1" type="stmt"/>
        <line num="16" count="1" type="stmt"/>
        <line num="17" count="7" type="cond" truecount="2" falsecount="0"/>
        <line num="20" count="7" type="cond" truecount="7" falsecount="0"/>
        <line num="34" count="1" type="stmt"/>
        <line num="35" count="3" type="stmt"/>
        <line num="36" count="3" type="cond" truecount="4" falsecount="0"/>
        <line num="45" count="1" type="stmt"/>
        <line num="46" count="0" type="cond" truecount="0" falsecount="1"/>
        <line num="47" count="0" type="stmt"/>
        <line num="50" count="0" type="cond" truecount="0" falsecount="2"/>
        <line num="53" count="0" type="cond" truecount="0" falsecount="1"/>
        <line num="54" count="0" type="stmt"/>
        <line num="57" count="0" type="stmt"/>
        <line num="58" count="0" type="stmt"/>
        <line num="69" count="0" type="stmt"/>
        <line num="72" count="0" type="cond" truecount="0" falsecount="1"/>
        <line num="73" count="0" type="stmt"/>
        <line num="77" count="0" type="cond" truecount="0" falsecount="1"/>
        <line num="78" count="0" type="stmt"/>
        <line num="79" count="0" type="stmt"/>
        <line num="81" count="0" type="stmt"/>
        <line num="82" count="0" type="stmt"/>
        <line num="85" count="0" type="stmt"/>
        <line num="86" count="0" type="stmt"/>
        <line num="101" count="1" type="stmt"/>
        <line num="108" count="3" type="stmt"/>
        <line num="109" count="3" type="stmt"/>
        <line num="111" count="2" type="cond" truecount="1" falsecount="0"/>
        <line num="112" count="1" type="stmt"/>
        <line num="114" count="2" type="stmt"/>
        <line num="117" count="2" type="cond" truecount="4" falsecount="0"/>
        <line num="118" count="1" type="stmt"/>
        <line num="119" count="1" type="stmt"/>
        <line num="121" count="1" type="stmt"/>
        <line num="122" count="1" type="stmt"/>
        <line num="134" count="1" type="stmt"/>
        <line num="139" count="2" type="stmt"/>
        <line num="140" count="2" type="stmt"/>
        <line num="142" count="2" type="cond" truecount="2" falsecount="0"/>
        <line num="143" count="2" type="stmt"/>
        <line num="145" count="2" type="cond" truecount="4" falsecount="0"/>
        <line num="146" count="1" type="stmt"/>
        <line num="148" count="1" type="stmt"/>
        <line num="157" count="1" type="stmt"/>
        <line num="158" count="1" type="stmt"/>
        <line num="159" count="1" type="stmt"/>
        <line num="160" count="2" type="stmt"/>
        <line num="161" count="2" type="stmt"/>
        <line num="163" count="0" type="stmt"/>
        <line num="164" count="0" type="stmt"/>
        <line num="174" count="1" type="stmt"/>
        <line num="175" count="2" type="stmt"/>
        <line num="210" count="2" type="stmt"/>
      </file>
    </package>
  </project>
</coverage>
