{"/app/src/api/file:/app/src/api/nhl.ts": {"path":"/app/src/api/file:/app/src/api/nhl.ts","statementMap":{"0":{"start":{"line":1,"column":0},"end":{"line":1,"column":26}},"1":{"start":{"line":11,"column":0},"end":{"line":11,"column":35}},"2":{"start":{"line":13,"column":17},"end":{"line":13,"column":46}},"3":{"start":{"line":21,"column":14},"end":{"line":21,"column":24}},"4":{"start":{"line":22,"column":16},"end":{"line":22,"column":34}},"5":{"start":{"line":23,"column":15},"end":{"line":23,"column":32}},"6":{"start":{"line":24,"column":26},"end":{"line":24,"column":54}},"7":{"start":{"line":25,"column":24},"end":{"line":25,"column":43}},"8":{"start":{"line":26,"column":2},"end":{"line":26,"column":46}},"9":{"start":{"line":35,"column":2},"end":{"line":73,"column":3}},"10":{"start":{"line":36,"column":21},"end":{"line":36,"column":41}},"11":{"start":{"line":37,"column":16},"end":{"line":37,"column":97}},"12":{"start":{"line":38,"column":19},"end":{"line":38,"column":39}},"13":{"start":{"line":39,"column":20},"end":{"line":39,"column":33}},"14":{"start":{"line":42,"column":20},"end":{"line":47,"column":5}},"15":{"start":{"line":43,"column":6},"end":{"line":43,"column":26}},"16":{"start":{"line":43,"column":14},"end":{"line":43,"column":26}},"17":{"start":{"line":44,"column":6},"end":{"line":44,"column":58}},"18":{"start":{"line":44,"column":46},"end":{"line":44,"column":58}},"19":{"start":{"line":45,"column":6},"end":{"line":45,"column":68}},"20":{"start":{"line":45,"column":56},"end":{"line":45,"column":68}},"21":{"start":{"line":46,"column":6},"end":{"line":46,"column":19}},"22":{"start":{"line":49,"column":4},"end":{"line":67,"column":5}},"23":{"start":{"line":51,"column":6},"end":{"line":51,"column":108}},"24":{"start":{"line":52,"column":24},"end":{"line":52,"column":58}},"25":{"start":{"line":53,"column":24},"end":{"line":53,"column":37}},"26":{"start":{"line":54,"column":27},"end":{"line":54,"column":57}},"27":{"start":{"line":55,"column":22},"end":{"line":55,"column":107}},"28":{"start":{"line":56,"column":6},"end":{"line":66,"column":7}},"29":{"start":{"line":57,"column":8},"end":{"line":57,"column":44}},"30":{"start":{"line":58,"column":8},"end":{"line":58,"column":29}},"31":{"start":{"line":59,"column":8},"end":{"line":63,"column":9}},"32":{"start":{"line":60,"column":10},"end":{"line":60,"column":89}},"33":{"start":{"line":62,"column":10},"end":{"line":62,"column":84}},"34":{"start":{"line":65,"column":8},"end":{"line":65,"column":95}},"35":{"start":{"line":69,"column":4},"end":{"line":69,"column":33}},"36":{"start":{"line":71,"column":4},"end":{"line":71,"column":58}},"37":{"start":{"line":72,"column":4},"end":{"line":72,"column":16}},"38":{"start":{"line":34,"column":0},"end":{"line":34,"column":7}},"39":{"start":{"line":83,"column":2},"end":{"line":91,"column":3}},"40":{"start":{"line":84,"column":21},"end":{"line":85,"column":null}},"41":{"start":{"line":87,"column":4},"end":{"line":87,"column":40}},"42":{"start":{"line":89,"column":4},"end":{"line":89,"column":61}},"43":{"start":{"line":90,"column":4},"end":{"line":90,"column":16}},"44":{"start":{"line":82,"column":0},"end":{"line":82,"column":7}},"45":{"start":{"line":101,"column":2},"end":{"line":109,"column":3}},"46":{"start":{"line":102,"column":21},"end":{"line":103,"column":null}},"47":{"start":{"line":105,"column":4},"end":{"line":105,"column":37}},"48":{"start":{"line":107,"column":4},"end":{"line":107,"column":57}},"49":{"start":{"line":108,"column":4},"end":{"line":108,"column":16}},"50":{"start":{"line":100,"column":0},"end":{"line":100,"column":7}},"51":{"start":{"line":119,"column":2},"end":{"line":127,"column":3}},"52":{"start":{"line":120,"column":21},"end":{"line":121,"column":null}},"53":{"start":{"line":123,"column":4},"end":{"line":123,"column":43}},"54":{"start":{"line":125,"column":4},"end":{"line":125,"column":61}},"55":{"start":{"line":126,"column":4},"end":{"line":126,"column":16}},"56":{"start":{"line":118,"column":0},"end":{"line":118,"column":7}},"57":{"start":{"line":137,"column":2},"end":{"line":143,"column":3}},"58":{"start":{"line":138,"column":21},"end":{"line":138,"column":65}},"59":{"start":{"line":139,"column":4},"end":{"line":139,"column":38}},"60":{"start":{"line":141,"column":4},"end":{"line":141,"column":54}},"61":{"start":{"line":142,"column":4},"end":{"line":142,"column":16}},"62":{"start":{"line":136,"column":0},"end":{"line":136,"column":7}},"63":{"start":{"line":153,"column":2},"end":{"line":161,"column":3}},"64":{"start":{"line":154,"column":21},"end":{"line":155,"column":null}},"65":{"start":{"line":157,"column":4},"end":{"line":157,"column":48}},"66":{"start":{"line":159,"column":4},"end":{"line":159,"column":71}},"67":{"start":{"line":160,"column":4},"end":{"line":160,"column":16}},"68":{"start":{"line":152,"column":0},"end":{"line":152,"column":7}}},"fnMap":{"0":{"name":"getCurrentSeasonId","decl":{"start":{"line":20,"column":9},"end":{"line":20,"column":27}},"loc":{"start":{"line":20,"column":27},"end":{"line":27,"column":1}}},"1":{"name":"fetchTeamSummaries","decl":{"start":{"line":34,"column":22},"end":{"line":34,"column":40}},"loc":{"start":{"line":34,"column":40},"end":{"line":74,"column":1}}},"2":{"name":"(anonymous_3)","decl":{"start":{"line":42,"column":20},"end":{"line":42,"column":21}},"loc":{"start":{"line":42,"column":31},"end":{"line":47,"column":5}}},"3":{"name":"fetchGameLanding","decl":{"start":{"line":82,"column":22},"end":{"line":82,"column":38}},"loc":{"start":{"line":82,"column":53},"end":{"line":92,"column":1}}},"4":{"name":"fetchBoxscore","decl":{"start":{"line":100,"column":22},"end":{"line":100,"column":35}},"loc":{"start":{"line":100,"column":50},"end":{"line":110,"column":1}}},"5":{"name":"fetchPlayByPlay","decl":{"start":{"line":118,"column":22},"end":{"line":118,"column":37}},"loc":{"start":{"line":118,"column":52},"end":{"line":128,"column":1}}},"6":{"name":"fetchNHLScores","decl":{"start":{"line":136,"column":22},"end":{"line":136,"column":36}},"loc":{"start":{"line":136,"column":56},"end":{"line":144,"column":1}}},"7":{"name":"fetchGameCenterRightRail","decl":{"start":{"line":152,"column":22},"end":{"line":152,"column":46}},"loc":{"start":{"line":152,"column":61},"end":{"line":162,"column":1}}}},"branchMap":{"0":{"loc":{"start":{"line":24,"column":26},"end":{"line":24,"column":54}},"type":"cond-expr","locations":[{"start":{"line":24,"column":39},"end":{"line":24,"column":43}},{"start":{"line":24,"column":46},"end":{"line":24,"column":54}}]},"1":{"loc":{"start":{"line":43,"column":6},"end":{"line":43,"column":26}},"type":"if","locations":[{"start":{"line":43,"column":6},"end":{"line":43,"column":26}}]},"2":{"loc":{"start":{"line":44,"column":6},"end":{"line":44,"column":58}},"type":"if","locations":[{"start":{"line":44,"column":6},"end":{"line":44,"column":58}}]},"3":{"loc":{"start":{"line":44,"column":10},"end":{"line":44,"column":44}},"type":"binary-expr","locations":[{"start":{"line":44,"column":10},"end":{"line":44,"column":26}},{"start":{"line":44,"column":30},"end":{"line":44,"column":44}}]},"4":{"loc":{"start":{"line":45,"column":6},"end":{"line":45,"column":68}},"type":"if","locations":[{"start":{"line":45,"column":6},"end":{"line":45,"column":68}}]},"5":{"loc":{"start":{"line":45,"column":10},"end":{"line":45,"column":54}},"type":"binary-expr","locations":[{"start":{"line":45,"column":10},"end":{"line":45,"column":31}},{"start":{"line":45,"column":35},"end":{"line":45,"column":54}}]},"6":{"loc":{"start":{"line":49,"column":4},"end":{"line":67,"column":5}},"type":"if","locations":[{"start":{"line":49,"column":4},"end":{"line":67,"column":5}}]},"7":{"loc":{"start":{"line":59,"column":8},"end":{"line":63,"column":9}},"type":"if","locations":[{"start":{"line":59,"column":8},"end":{"line":63,"column":9}},{"start":{"line":61,"column":15},"end":{"line":63,"column":9}}]}},"s":{"0":2,"1":2,"2":2,"3":3,"4":3,"5":3,"6":3,"7":3,"8":3,"9":3,"10":3,"11":3,"12":3,"13":2,"14":2,"15":3,"16":0,"17":3,"18":0,"19":3,"20":1,"21":2,"22":2,"23":1,"24":1,"25":1,"26":1,"27":1,"28":1,"29":1,"30":1,"31":1,"32":0,"33":1,"34":0,"35":2,"36":1,"37":1,"38":2,"39":2,"40":2,"41":1,"42":1,"43":1,"44":2,"45":1,"46":1,"47":1,"48":0,"49":0,"50":2,"51":2,"52":2,"53":1,"54":1,"55":1,"56":2,"57":1,"58":1,"59":1,"60":0,"61":0,"62":2,"63":1,"64":1,"65":1,"66":0,"67":0,"68":2},"f":{"0":3,"1":3,"2":3,"3":2,"4":1,"5":2,"6":1,"7":1},"b":{"0":[3,0],"1":[0],"2":[0],"3":[3,0],"4":[1],"5":[3,3],"6":[1],"7":[0,1]}}
,"/app/src/api/file:/app/src/api/scoutingTheRefs.ts": {"path":"/app/src/api/file:/app/src/api/scoutingTheRefs.ts","statementMap":{"0":{"start":{"line":1,"column":0},"end":{"line":1,"column":26}},"1":{"start":{"line":2,"column":0},"end":{"line":2,"column":52}},"2":{"start":{"line":3,"column":0},"end":{"line":3,"column":35}},"3":{"start":{"line":31,"column":16},"end":{"line":31,"column":65}},"4":{"start":{"line":32,"column":25},"end":{"line":32,"column":28}},"5":{"start":{"line":41,"column":15},"end":{"line":41,"column":35}},"6":{"start":{"line":42,"column":16},"end":{"line":42,"column":26}},"7":{"start":{"line":43,"column":2},"end":{"line":47,"column":4}},"8":{"start":{"line":40,"column":0},"end":{"line":40,"column":16}},"9":{"start":{"line":58,"column":17},"end":{"line":58,"column":43}},"10":{"start":{"line":59,"column":17},"end":{"line":59,"column":43}},"11":{"start":{"line":60,"column":2},"end":{"line":60,"column":25}},"12":{"start":{"line":57,"column":0},"end":{"line":57,"column":16}},"13":{"start":{"line":75,"column":31},"end":{"line":75,"column":33}},"14":{"start":{"line":76,"column":19},"end":{"line":76,"column":32}},"15":{"start":{"line":77,"column":20},"end":{"line":77,"column":39}},"16":{"start":{"line":78,"column":25},"end":{"line":80,"column":68}},"17":{"start":{"line":80,"column":23},"end":{"line":80,"column":67}},"18":{"start":{"line":81,"column":25},"end":{"line":83,"column":75}},"19":{"start":{"line":83,"column":23},"end":{"line":83,"column":74}},"20":{"start":{"line":84,"column":26},"end":{"line":89,"column":10}},"21":{"start":{"line":88,"column":27},"end":{"line":88,"column":73}},"22":{"start":{"line":91,"column":2},"end":{"line":111,"column":5}},"23":{"start":{"line":92,"column":17},"end":{"line":92,"column":36}},"24":{"start":{"line":93,"column":4},"end":{"line":93,"column":22}},"25":{"start":{"line":93,"column":15},"end":{"line":93,"column":22}},"26":{"start":{"line":95,"column":24},"end":{"line":95,"column":80}},"27":{"start":{"line":96,"column":24},"end":{"line":96,"column":80}},"28":{"start":{"line":97,"column":24},"end":{"line":102,"column":10}},"29":{"start":{"line":104,"column":4},"end":{"line":110,"column":7}},"30":{"start":{"line":113,"column":2},"end":{"line":113,"column":19}},"31":{"start":{"line":70,"column":0},"end":{"line":70,"column":16}},"32":{"start":{"line":121,"column":2},"end":{"line":127,"column":3}},"33":{"start":{"line":122,"column":21},"end":{"line":122,"column":62}},"34":{"start":{"line":123,"column":4},"end":{"line":123,"column":25}},"35":{"start":{"line":125,"column":4},"end":{"line":125,"column":100}},"36":{"start":{"line":126,"column":4},"end":{"line":126,"column":14}},"37":{"start":{"line":120,"column":0},"end":{"line":120,"column":7}},"38":{"start":{"line":139,"column":2},"end":{"line":146,"column":4}},"39":{"start":{"line":142,"column":8},"end":{"line":144,"column":68}},"40":{"start":{"line":138,"column":0},"end":{"line":138,"column":16}},"41":{"start":{"line":157,"column":40},"end":{"line":161,"column":4}},"42":{"start":{"line":163,"column":2},"end":{"line":209,"column":3}},"43":{"start":{"line":164,"column":18},"end":{"line":164,"column":40}},"44":{"start":{"line":165,"column":25},"end":{"line":165,"column":48}},"45":{"start":{"line":168,"column":4},"end":{"line":171,"column":5}},"46":{"start":{"line":169,"column":6},"end":{"line":169,"column":63}},"47":{"start":{"line":170,"column":6},"end":{"line":170,"column":30}},"48":{"start":{"line":173,"column":14},"end":{"line":173,"column":49}},"49":{"start":{"line":174,"column":17},"end":{"line":177,"column":20}},"50":{"start":{"line":175,"column":25},"end":{"line":175,"column":64}},"51":{"start":{"line":179,"column":4},"end":{"line":182,"column":5}},"52":{"start":{"line":180,"column":6},"end":{"line":180,"column":73}},"53":{"start":{"line":181,"column":6},"end":{"line":181,"column":30}},"54":{"start":{"line":184,"column":24},"end":{"line":186,"column":74}},"55":{"start":{"line":186,"column":25},"end":{"line":186,"column":73}},"56":{"start":{"line":187,"column":24},"end":{"line":189,"column":78}},"57":{"start":{"line":189,"column":25},"end":{"line":189,"column":77}},"58":{"start":{"line":191,"column":4},"end":{"line":194,"column":5}},"59":{"start":{"line":192,"column":6},"end":{"line":192,"column":79}},"60":{"start":{"line":193,"column":6},"end":{"line":193,"column":30}},"61":{"start":{"line":196,"column":37},"end":{"line":200,"column":6}},"62":{"start":{"line":202,"column":4},"end":{"line":202,"column":23}},"63":{"start":{"line":204,"column":4},"end":{"line":207,"column":6}},"64":{"start":{"line":208,"column":4},"end":{"line":208,"column":28}},"65":{"start":{"line":154,"column":0},"end":{"line":154,"column":7}}},"fnMap":{"0":{"name":"isToday","decl":{"start":{"line":40,"column":16},"end":{"line":40,"column":23}},"loc":{"start":{"line":40,"column":42},"end":{"line":48,"column":1}}},"1":{"name":"calculateTotalGames","decl":{"start":{"line":57,"column":16},"end":{"line":57,"column":35}},"loc":{"start":{"line":57,"column":76},"end":{"line":61,"column":1}}},"2":{"name":"extractOfficialData","decl":{"start":{"line":70,"column":16},"end":{"line":70,"column":35}},"loc":{"start":{"line":73,"column":27},"end":{"line":114,"column":1}}},"3":{"name":"(anonymous_4)","decl":{"start":{"line":80,"column":12},"end":{"line":80,"column":13}},"loc":{"start":{"line":80,"column":23},"end":{"line":80,"column":67}}},"4":{"name":"(anonymous_5)","decl":{"start":{"line":83,"column":12},"end":{"line":83,"column":13}},"loc":{"start":{"line":83,"column":23},"end":{"line":83,"column":74}}},"5":{"name":"(anonymous_6)","decl":{"start":{"line":88,"column":16},"end":{"line":88,"column":17}},"loc":{"start":{"line":88,"column":27},"end":{"line":88,"column":73}}},"6":{"name":"(anonymous_7)","decl":{"start":{"line":91,"column":17},"end":{"line":91,"column":18}},"loc":{"start":{"line":91,"column":27},"end":{"line":111,"column":3}}},"7":{"name":"fetchPostsData","decl":{"start":{"line":120,"column":22},"end":{"line":120,"column":36}},"loc":{"start":{"line":120,"column":36},"end":{"line":128,"column":1}}},"8":{"name":"findRelevantPost","decl":{"start":{"line":138,"column":16},"end":{"line":138,"column":32}},"loc":{"start":{"line":138,"column":55},"end":{"line":147,"column":1}}},"9":{"name":"(anonymous_10)","decl":{"start":{"line":141,"column":6},"end":{"line":141,"column":7}},"loc":{"start":{"line":142,"column":8},"end":{"line":144,"column":68}}},"10":{"name":"fetchGameDetails","decl":{"start":{"line":154,"column":22},"end":{"line":154,"column":38}},"loc":{"start":{"line":155,"column":26},"end":{"line":210,"column":1}}},"11":{"name":"(anonymous_12)","decl":{"start":{"line":175,"column":14},"end":{"line":175,"column":15}},"loc":{"start":{"line":175,"column":25},"end":{"line":175,"column":64}}},"12":{"name":"(anonymous_13)","decl":{"start":{"line":186,"column":14},"end":{"line":186,"column":15}},"loc":{"start":{"line":186,"column":25},"end":{"line":186,"column":73}}},"13":{"name":"(anonymous_14)","decl":{"start":{"line":189,"column":14},"end":{"line":189,"column":15}},"loc":{"start":{"line":189,"column":25},"end":{"line":189,"column":77}}}},"branchMap":{"0":{"loc":{"start":{"line":44,"column":4},"end":{"line":46,"column":46}},"type":"binary-expr","locations":[{"start":{"line":44,"column":4},"end":{"line":44,"column":38}},{"start":{"line":45,"column":4},"end":{"line":45,"column":40}},{"start":{"line":46,"column":4},"end":{"line":46,"column":46}}]},"1":{"loc":{"start":{"line":58,"column":17},"end":{"line":58,"column":43}},"type":"binary-expr","locations":[{"start":{"line":58,"column":17},"end":{"line":58,"column":38}},{"start":{"line":58,"column":42},"end":{"line":58,"column":43}}]},"2":{"loc":{"start":{"line":59,"column":17},"end":{"line":59,"column":43}},"type":"binary-expr","locations":[{"start":{"line":59,"column":17},"end":{"line":59,"column":38}},{"start":{"line":59,"column":42},"end":{"line":59,"column":43}}]},"3":{"loc":{"start":{"line":73,"column":2},"end":{"line":73,"column":27}},"type":"default-arg","locations":[{"start":{"line":73,"column":22},"end":{"line":73,"column":27}}]},"4":{"loc":{"start":{"line":84,"column":26},"end":{"line":89,"column":10}},"type":"cond-expr","locations":[{"start":{"line":85,"column":6},"end":{"line":88,"column":74}},{"start":{"line":89,"column":6},"end":{"line":89,"column":10}}]},"5":{"loc":{"start":{"line":93,"column":4},"end":{"line":93,"column":22}},"type":"if","locations":[{"start":{"line":93,"column":4},"end":{"line":93,"column":22}}]},"6":{"loc":{"start":{"line":97,"column":24},"end":{"line":102,"column":10}},"type":"cond-expr","locations":[{"start":{"line":98,"column":8},"end":{"line":101,"column":17}},{"start":{"line":102,"column":8},"end":{"line":102,"column":10}}]},"7":{"loc":{"start":{"line":98,"column":10},"end":{"line":98,"column":57}},"type":"binary-expr","locations":[{"start":{"line":98,"column":10},"end":{"line":98,"column":51}},{"start":{"line":98,"column":55},"end":{"line":98,"column":57}}]},"8":{"loc":{"start":{"line":125,"column":42},"end":{"line":125,"column":98}},"type":"cond-expr","locations":[{"start":{"line":125,"column":67},"end":{"line":125,"column":80}},{"start":{"line":125,"column":83},"end":{"line":125,"column":98}}]},"9":{"loc":{"start":{"line":140,"column":4},"end":{"line":145,"column":13}},"type":"binary-expr","locations":[{"start":{"line":140,"column":4},"end":{"line":144,"column":null}},{"start":{"line":145,"column":9},"end":{"line":145,"column":13}}]},"10":{"loc":{"start":{"line":142,"column":8},"end":{"line":144,"column":68}},"type":"binary-expr","locations":[{"start":{"line":142,"column":9},"end":{"line":142,"column":51}},{"start":{"line":142,"column":55},"end":{"line":142,"column":73}},{"start":{"line":143,"column":9},"end":{"line":143,"column":27}},{"start":{"line":144,"column":10},"end":{"line":144,"column":67}}]},"11":{"loc":{"start":{"line":168,"column":4},"end":{"line":171,"column":5}},"type":"if","locations":[{"start":{"line":168,"column":4},"end":{"line":171,"column":5}}]},"12":{"loc":{"start":{"line":179,"column":4},"end":{"line":182,"column":5}},"type":"if","locations":[{"start":{"line":179,"column":4},"end":{"line":182,"column":5}}]},"13":{"loc":{"start":{"line":191,"column":4},"end":{"line":194,"column":5}},"type":"if","locations":[{"start":{"line":191,"column":4},"end":{"line":194,"column":5}}]},"14":{"loc":{"start":{"line":191,"column":8},"end":{"line":191,"column":50}},"type":"binary-expr","locations":[{"start":{"line":191,"column":8},"end":{"line":191,"column":27}},{"start":{"line":191,"column":31},"end":{"line":191,"column":50}}]},"15":{"loc":{"start":{"line":206,"column":6},"end":{"line":206,"column":62}},"type":"cond-expr","locations":[{"start":{"line":206,"column":31},"end":{"line":206,"column":44}},{"start":{"line":206,"column":47},"end":{"line":206,"column":62}}]}},"s":{"0":1,"1":1,"2":1,"3":1,"4":1,"5":1,"6":1,"7":1,"8":1,"9":4,"10":4,"11":4,"12":1,"13":2,"14":2,"15":2,"16":2,"17":18,"18":2,"19":18,"20":2,"21":14,"22":2,"23":4,"24":4,"25":0,"26":4,"27":4,"28":4,"29":4,"30":2,"31":1,"32":3,"33":3,"34":2,"35":1,"36":1,"37":1,"38":3,"39":1,"40":1,"41":3,"42":3,"43":3,"44":3,"45":3,"46":2,"47":2,"48":1,"49":1,"50":1,"51":1,"52":0,"53":0,"54":1,"55":14,"56":1,"57":14,"58":1,"59":0,"60":0,"61":1,"62":1,"63":0,"64":0,"65":1},"f":{"0":1,"1":4,"2":2,"3":18,"4":18,"5":14,"6":4,"7":3,"8":3,"9":1,"10":3,"11":1,"12":14,"13":14},"b":{"0":[1,1,1],"1":[4,0],"2":[4,0],"3":[0],"4":[1,1],"5":[0],"6":[2,2],"7":[2,0],"8":[1,0],"9":[3,2],"10":[1,1,0,0],"11":[2],"12":[0],"13":[0],"14":[1,1],"15":[0,0]}}
,"/app/src/api/file:/app/src/api/utils.ts": {"path":"/app/src/api/file:/app/src/api/utils.ts","statementMap":{"0":{"start":{"line":7,"column":2},"end":{"line":7,"column":40}},"1":{"start":{"line":8,"column":46},"end":{"line":41,"column":4}},"2":{"start":{"line":42,"column":2},"end":{"line":42,"column":28}},"3":{"start":{"line":6,"column":0},"end":{"line":6,"column":16}}},"fnMap":{"0":{"name":"nstAbbreviation","decl":{"start":{"line":6,"column":16},"end":{"line":6,"column":31}},"loc":{"start":{"line":6,"column":48},"end":{"line":43,"column":1}}}},"branchMap":{},"s":{"0":3,"1":3,"2":3,"3":1},"f":{"0":3},"b":{}}
,"/app/src/file:/app/src/utils.ts": {"path":"/app/src/file:/app/src/utils.ts","statementMap":{"0":{"start":{"line":1,"column":0},"end":{"line":1,"column":37}},"1":{"start":{"line":9,"column":39},"end":{"line":9,"column":48}},"2":{"start":{"line":16,"column":2},"end":{"line":16,"column":22}},"3":{"start":{"line":15,"column":0},"end":{"line":15,"column":16}},"4":{"start":{"line":24,"column":2},"end":{"line":24,"column":22}},"5":{"start":{"line":23,"column":0},"end":{"line":23,"column":16}},"6":{"start":{"line":34,"column":12},"end":{"line":34,"column":18}},"7":{"start":{"line":35,"column":8},"end":{"line":35,"column":15}},"8":{"start":{"line":36,"column":2},"end":{"line":38,"column":3}},"9":{"start":{"line":37,"column":4},"end":{"line":37,"column":20}},"10":{"start":{"line":39,"column":2},"end":{"line":41,"column":3}},"11":{"start":{"line":40,"column":4},"end":{"line":40,"column":20}},"12":{"start":{"line":42,"column":2},"end":{"line":44,"column":3}},"13":{"start":{"line":43,"column":4},"end":{"line":43,"column":20}},"14":{"start":{"line":45,"column":2},"end":{"line":45,"column":18}},"15":{"start":{"line":33,"column":0},"end":{"line":33,"column":16}},"16":{"start":{"line":56,"column":2},"end":{"line":58,"column":3}},"17":{"start":{"line":57,"column":4},"end":{"line":57,"column":24}},"18":{"start":{"line":60,"column":2},"end":{"line":60,"column":52}},"19":{"start":{"line":54,"column":0},"end":{"line":54,"column":16}},"20":{"start":{"line":70,"column":15},"end":{"line":70,"column":17}},"21":{"start":{"line":71,"column":2},"end":{"line":73,"column":3}},"22":{"start":{"line":71,"column":15},"end":{"line":71,"column":16}},"23":{"start":{"line":72,"column":4},"end":{"line":72,"column":19}},"24":{"start":{"line":74,"column":2},"end":{"line":74,"column":16}},"25":{"start":{"line":69,"column":0},"end":{"line":69,"column":16}},"26":{"start":{"line":84,"column":15},"end":{"line":84,"column":17}},"27":{"start":{"line":85,"column":2},"end":{"line":87,"column":3}},"28":{"start":{"line":85,"column":15},"end":{"line":85,"column":16}},"29":{"start":{"line":86,"column":4},"end":{"line":86,"column":21}},"30":{"start":{"line":88,"column":2},"end":{"line":88,"column":16}},"31":{"start":{"line":83,"column":0},"end":{"line":83,"column":16}},"32":{"start":{"line":98,"column":15},"end":{"line":98,"column":17}},"33":{"start":{"line":99,"column":2},"end":{"line":101,"column":3}},"34":{"start":{"line":99,"column":15},"end":{"line":99,"column":16}},"35":{"start":{"line":100,"column":4},"end":{"line":100,"column":19}},"36":{"start":{"line":102,"column":2},"end":{"line":102,"column":16}},"37":{"start":{"line":97,"column":0},"end":{"line":97,"column":16}},"38":{"start":{"line":112,"column":2},"end":{"line":112,"column":34}},"39":{"start":{"line":111,"column":0},"end":{"line":111,"column":16}},"40":{"start":{"line":125,"column":2},"end":{"line":125,"column":69}},"41":{"start":{"line":121,"column":0},"end":{"line":121,"column":16}},"42":{"start":{"line":136,"column":20},"end":{"line":136,"column":46}},"43":{"start":{"line":139,"column":19},"end":{"line":139,"column":54}},"44":{"start":{"line":141,"column":2},"end":{"line":141,"column":18}},"45":{"start":{"line":134,"column":0},"end":{"line":134,"column":16}},"46":{"start":{"line":152,"column":23},"end":{"line":152,"column":46}},"47":{"start":{"line":153,"column":12},"end":{"line":153,"column":14}},"48":{"start":{"line":154,"column":2},"end":{"line":156,"column":5}},"49":{"start":{"line":155,"column":4},"end":{"line":155,"column":34}},"50":{"start":{"line":157,"column":2},"end":{"line":157,"column":13}},"51":{"start":{"line":151,"column":0},"end":{"line":151,"column":16}},"52":{"start":{"line":168,"column":23},"end":{"line":168,"column":25}},"53":{"start":{"line":169,"column":2},"end":{"line":171,"column":3}},"54":{"start":{"line":169,"column":15},"end":{"line":169,"column":16}},"55":{"start":{"line":170,"column":4},"end":{"line":170,"column":53}},"56":{"start":{"line":172,"column":2},"end":{"line":172,"column":22}},"57":{"start":{"line":167,"column":0},"end":{"line":167,"column":16}},"58":{"start":{"line":182,"column":2},"end":{"line":184,"column":5}},"59":{"start":{"line":183,"column":4},"end":{"line":183,"column":38}},"60":{"start":{"line":181,"column":0},"end":{"line":181,"column":16}},"61":{"start":{"line":193,"column":2},"end":{"line":193,"column":33}},"62":{"start":{"line":193,"column":20},"end":{"line":193,"column":33}},"63":{"start":{"line":194,"column":2},"end":{"line":194,"column":33}},"64":{"start":{"line":194,"column":20},"end":{"line":194,"column":33}},"65":{"start":{"line":195,"column":2},"end":{"line":195,"column":33}},"66":{"start":{"line":195,"column":20},"end":{"line":195,"column":33}},"67":{"start":{"line":196,"column":2},"end":{"line":196,"column":32}},"68":{"start":{"line":196,"column":20},"end":{"line":196,"column":32}},"69":{"start":{"line":197,"column":2},"end":{"line":197,"column":50}},"70":{"start":{"line":197,"column":38},"end":{"line":197,"column":50}},"71":{"start":{"line":198,"column":2},"end":{"line":198,"column":27}},"72":{"start":{"line":192,"column":0},"end":{"line":192,"column":16}},"73":{"start":{"line":209,"column":27},"end":{"line":209,"column":45}},"74":{"start":{"line":210,"column":2},"end":{"line":215,"column":3}},"75":{"start":{"line":212,"column":4},"end":{"line":212,"column":39}},"76":{"start":{"line":213,"column":4},"end":{"line":213,"column":35}},"77":{"start":{"line":214,"column":4},"end":{"line":214,"column":32}},"78":{"start":{"line":216,"column":2},"end":{"line":216,"column":108}},"79":{"start":{"line":208,"column":0},"end":{"line":208,"column":16}},"80":{"start":{"line":231,"column":38},"end":{"line":231,"column":40}},"81":{"start":{"line":232,"column":38},"end":{"line":232,"column":40}},"82":{"start":{"line":234,"column":2},"end":{"line":251,"column":5}},"83":{"start":{"line":235,"column":4},"end":{"line":250,"column":7}},"84":{"start":{"line":236,"column":35},"end":{"line":243,"column":8}},"85":{"start":{"line":241,"column":22},"end":{"line":241,"column":78}},"86":{"start":{"line":245,"column":6},"end":{"line":249,"column":7}},"87":{"start":{"line":246,"column":8},"end":{"line":246,"column":39}},"88":{"start":{"line":248,"column":8},"end":{"line":248,"column":39}},"89":{"start":{"line":253,"column":2},"end":{"line":253,"column":44}},"90":{"start":{"line":226,"column":0},"end":{"line":226,"column":16}},"91":{"start":{"line":262,"column":2},"end":{"line":271,"column":3}},"92":{"start":{"line":264,"column":6},"end":{"line":264,"column":18}},"93":{"start":{"line":266,"column":6},"end":{"line":266,"column":18}},"94":{"start":{"line":268,"column":6},"end":{"line":268,"column":18}},"95":{"start":{"line":270,"column":6},"end":{"line":270,"column":18}}},"fnMap":{"0":{"name":"setDateOverride","decl":{"start":{"line":15,"column":16},"end":{"line":15,"column":31}},"loc":{"start":{"line":15,"column":56},"end":{"line":17,"column":1}}},"1":{"name":"getDateOverride","decl":{"start":{"line":23,"column":16},"end":{"line":23,"column":31}},"loc":{"start":{"line":23,"column":31},"end":{"line":25,"column":1}}},"2":{"name":"ordinalSuffixOf","decl":{"start":{"line":33,"column":16},"end":{"line":33,"column":31}},"loc":{"start":{"line":33,"column":41},"end":{"line":46,"column":1}}},"3":{"name":"getCurrentDateLocalTime","decl":{"start":{"line":54,"column":16},"end":{"line":54,"column":39}},"loc":{"start":{"line":54,"column":56},"end":{"line":61,"column":1}}},"4":{"name":"goalEmojis","decl":{"start":{"line":69,"column":16},"end":{"line":69,"column":26}},"loc":{"start":{"line":69,"column":38},"end":{"line":75,"column":1}}},"5":{"name":"thumbsDownEmojis","decl":{"start":{"line":83,"column":16},"end":{"line":83,"column":32}},"loc":{"start":{"line":83,"column":44},"end":{"line":89,"column":1}}},"6":{"name":"starEmojis","decl":{"start":{"line":97,"column":16},"end":{"line":97,"column":26}},"loc":{"start":{"line":97,"column":38},"end":{"line":103,"column":1}}},"7":{"name":"convertdescKeyToWords","decl":{"start":{"line":111,"column":16},"end":{"line":111,"column":37}},"loc":{"start":{"line":111,"column":49},"end":{"line":113,"column":1}}},"8":{"name":"convertUTCToLocalTime","decl":{"start":{"line":121,"column":16},"end":{"line":121,"column":37}},"loc":{"start":{"line":123,"column":18},"end":{"line":126,"column":1}}},"9":{"name":"getLastName","decl":{"start":{"line":134,"column":16},"end":{"line":134,"column":27}},"loc":{"start":{"line":134,"column":44},"end":{"line":142,"column":1}}},"10":{"name":"groupedList","decl":{"start":{"line":151,"column":16},"end":{"line":151,"column":27}},"loc":{"start":{"line":151,"column":58},"end":{"line":158,"column":1}}},"11":{"name":"(anonymous_12)","decl":{"start":{"line":154,"column":23},"end":{"line":154,"column":24}},"loc":{"start":{"line":154,"column":33},"end":{"line":156,"column":3}}},"12":{"name":"splitArray","decl":{"start":{"line":167,"column":16},"end":{"line":167,"column":26}},"loc":{"start":{"line":167,"column":62},"end":{"line":173,"column":1}}},"13":{"name":"sleep","decl":{"start":{"line":181,"column":16},"end":{"line":181,"column":21}},"loc":{"start":{"line":181,"column":42},"end":{"line":185,"column":1}}},"14":{"name":"(anonymous_15)","decl":{"start":{"line":182,"column":21},"end":{"line":182,"column":22}},"loc":{"start":{"line":182,"column":33},"end":{"line":184,"column":3}}},"15":{"name":"formatPeriodLabel","decl":{"start":{"line":192,"column":16},"end":{"line":192,"column":33}},"loc":{"start":{"line":192,"column":66},"end":{"line":199,"column":1}}},"16":{"name":"formatPeriodTime","decl":{"start":{"line":208,"column":16},"end":{"line":208,"column":32}},"loc":{"start":{"line":208,"column":82},"end":{"line":217,"column":1}}},"17":{"name":"transformGameLandingToLineScores","decl":{"start":{"line":226,"column":16},"end":{"line":226,"column":48}},"loc":{"start":{"line":226,"column":73},"end":{"line":254,"column":1}}},"18":{"name":"(anonymous_19)","decl":{"start":{"line":234,"column":38},"end":{"line":234,"column":39}},"loc":{"start":{"line":234,"column":53},"end":{"line":251,"column":3}}},"19":{"name":"(anonymous_20)","decl":{"start":{"line":235,"column":29},"end":{"line":235,"column":30}},"loc":{"start":{"line":235,"column":38},"end":{"line":250,"column":5}}},"20":{"name":"(anonymous_21)","decl":{"start":{"line":241,"column":10},"end":{"line":241,"column":11}},"loc":{"start":{"line":241,"column":22},"end":{"line":241,"column":78}}},"21":{"name":"getGoalType","decl":{"start":{"line":261,"column":9},"end":{"line":261,"column":20}},"loc":{"start":{"line":261,"column":42},"end":{"line":272,"column":1}}}},"branchMap":{"0":{"loc":{"start":{"line":36,"column":2},"end":{"line":38,"column":3}},"type":"if","locations":[{"start":{"line":36,"column":2},"end":{"line":38,"column":3}}]},"1":{"loc":{"start":{"line":36,"column":6},"end":{"line":36,"column":25}},"type":"binary-expr","locations":[{"start":{"line":36,"column":6},"end":{"line":36,"column":13}},{"start":{"line":36,"column":17},"end":{"line":36,"column":25}}]},"2":{"loc":{"start":{"line":39,"column":2},"end":{"line":41,"column":3}},"type":"if","locations":[{"start":{"line":39,"column":2},"end":{"line":41,"column":3}}]},"3":{"loc":{"start":{"line":39,"column":6},"end":{"line":39,"column":25}},"type":"binary-expr","locations":[{"start":{"line":39,"column":6},"end":{"line":39,"column":13}},{"start":{"line":39,"column":17},"end":{"line":39,"column":25}}]},"4":{"loc":{"start":{"line":42,"column":2},"end":{"line":44,"column":3}},"type":"if","locations":[{"start":{"line":42,"column":2},"end":{"line":44,"column":3}}]},"5":{"loc":{"start":{"line":42,"column":6},"end":{"line":42,"column":25}},"type":"binary-expr","locations":[{"start":{"line":42,"column":6},"end":{"line":42,"column":13}},{"start":{"line":42,"column":17},"end":{"line":42,"column":25}}]},"6":{"loc":{"start":{"line":56,"column":2},"end":{"line":58,"column":3}},"type":"if","locations":[{"start":{"line":56,"column":2},"end":{"line":58,"column":3}}]},"7":{"loc":{"start":{"line":193,"column":2},"end":{"line":193,"column":33}},"type":"if","locations":[{"start":{"line":193,"column":2},"end":{"line":193,"column":33}}]},"8":{"loc":{"start":{"line":194,"column":2},"end":{"line":194,"column":33}},"type":"if","locations":[{"start":{"line":194,"column":2},"end":{"line":194,"column":33}}]},"9":{"loc":{"start":{"line":195,"column":2},"end":{"line":195,"column":33}},"type":"if","locations":[{"start":{"line":195,"column":2},"end":{"line":195,"column":33}}]},"10":{"loc":{"start":{"line":196,"column":2},"end":{"line":196,"column":32}},"type":"if","locations":[{"start":{"line":196,"column":2},"end":{"line":196,"column":32}}]},"11":{"loc":{"start":{"line":197,"column":2},"end":{"line":197,"column":50}},"type":"if","locations":[{"start":{"line":197,"column":2},"end":{"line":197,"column":50}}]},"12":{"loc":{"start":{"line":197,"column":6},"end":{"line":197,"column":36}},"type":"binary-expr","locations":[{"start":{"line":197,"column":6},"end":{"line":197,"column":20}},{"start":{"line":197,"column":24},"end":{"line":197,"column":36}}]},"13":{"loc":{"start":{"line":210,"column":2},"end":{"line":215,"column":3}},"type":"if","locations":[{"start":{"line":210,"column":2},"end":{"line":215,"column":3}}]},"14":{"loc":{"start":{"line":245,"column":6},"end":{"line":249,"column":7}},"type":"if","locations":[{"start":{"line":245,"column":6},"end":{"line":249,"column":7}},{"start":{"line":247,"column":13},"end":{"line":249,"column":7}}]},"15":{"loc":{"start":{"line":262,"column":2},"end":{"line":271,"column":3}},"type":"switch","locations":[{"start":{"line":263,"column":4},"end":{"line":264,"column":18}},{"start":{"line":265,"column":4},"end":{"line":266,"column":18}},{"start":{"line":267,"column":4},"end":{"line":268,"column":18}},{"start":{"line":269,"column":4},"end":{"line":270,"column":18}}]}},"s":{"0":1,"1":1,"2":0,"3":1,"4":0,"5":1,"6":8,"7":8,"8":8,"9":2,"10":6,"11":1,"12":5,"13":1,"14":4,"15":1,"16":1,"17":0,"18":1,"19":1,"20":1,"21":1,"22":1,"23":3,"24":1,"25":1,"26":1,"27":1,"28":1,"29":2,"30":1,"31":1,"32":1,"33":1,"34":1,"35":0,"36":1,"37":1,"38":1,"39":1,"40":1,"41":1,"42":3,"43":3,"44":3,"45":1,"46":1,"47":1,"48":1,"49":2,"50":1,"51":1,"52":2,"53":2,"54":2,"55":5,"56":2,"57":1,"58":1,"59":1,"60":1,"61":10,"62":3,"63":7,"64":1,"65":6,"66":1,"67":5,"68":2,"69":3,"70":1,"71":2,"72":1,"73":4,"74":4,"75":2,"76":2,"77":2,"78":4,"79":1,"80":1,"81":1,"82":1,"83":2,"84":2,"85":1,"86":2,"87":1,"88":1,"89":1,"90":1,"91":2,"92":0,"93":1,"94":0,"95":1},"f":{"0":0,"1":0,"2":8,"3":1,"4":1,"5":1,"6":1,"7":1,"8":1,"9":3,"10":1,"11":2,"12":2,"13":1,"14":1,"15":10,"16":4,"17":1,"18":2,"19":2,"20":1,"21":2},"b":{"0":[2],"1":[8,3],"2":[1],"3":[6,2],"4":[1],"5":[5,2],"6":[0],"7":[3],"8":[1],"9":[1],"10":[2],"11":[1],"12":[3,1],"13":[2],"14":[1,1],"15":[0,1,0,1]}}
,"/app/src/graphic/edgeGoalVisualizer/file:/app/src/graphic/edgeGoalVisualizer/createRink.ts": {"path":"/app/src/graphic/edgeGoalVisualizer/file:/app/src/graphic/edgeGoalVisualizer/createRink.ts","statementMap":{"0":{"start":{"line":1,"column":0},"end":{"line":1,"column":20}},"1":{"start":{"line":2,"column":0},"end":{"line":2,"column":24}},"2":{"start":{"line":3,"column":0},"end":{"line":3,"column":null}},"3":{"start":{"line":28,"column":44},"end":{"line":28,"column":50}},"4":{"start":{"line":31,"column":21},"end":{"line":31,"column":50}},"5":{"start":{"line":32,"column":22},"end":{"line":32,"column":52}},"6":{"start":{"line":33,"column":21},"end":{"line":33,"column":47}},"7":{"start":{"line":34,"column":20},"end":{"line":34,"column":53}},"8":{"start":{"line":35,"column":21},"end":{"line":35,"column":55}},"9":{"start":{"line":38,"column":23},"end":{"line":38,"column":73}},"10":{"start":{"line":39,"column":19},"end":{"line":39,"column":57}},"11":{"start":{"line":42,"column":2},"end":{"line":45,"column":4}},"12":{"start":{"line":49,"column":22},"end":{"line":54,"column":13}},"13":{"start":{"line":57,"column":2},"end":{"line":60,"column":4}},"14":{"start":{"line":63,"column":2},"end":{"line":66,"column":4}},"15":{"start":{"line":70,"column":2},"end":{"line":73,"column":4}},"16":{"start":{"line":76,"column":2},"end":{"line":79,"column":4}},"17":{"start":{"line":84,"column":19},"end":{"line":84,"column":29}},"18":{"start":{"line":86,"column":17},"end":{"line":86,"column":19}},"19":{"start":{"line":87,"column":2},"end":{"line":96,"column":3}},"20":{"start":{"line":88,"column":23},"end":{"line":88,"column":48}},"21":{"start":{"line":89,"column":23},"end":{"line":89,"column":52}},"22":{"start":{"line":90,"column":16},"end":{"line":90,"column":52}},"23":{"start":{"line":91,"column":21},"end":{"line":91,"column":67}},"24":{"start":{"line":92,"column":4},"end":{"line":92,"column":55}},"25":{"start":{"line":95,"column":4},"end":{"line":95,"column":26}},"26":{"start":{"line":99,"column":2},"end":{"line":102,"column":4}},"27":{"start":{"line":105,"column":2},"end":{"line":108,"column":4}},"28":{"start":{"line":111,"column":2},"end":{"line":114,"column":4}},"29":{"start":{"line":116,"column":2},"end":{"line":116,"column":20}},"30":{"start":{"line":27,"column":0},"end":{"line":27,"column":16}},"31":{"start":{"line":125,"column":21},"end":{"line":125,"column":39}},"32":{"start":{"line":126,"column":2},"end":{"line":126,"column":52}},"33":{"start":{"line":124,"column":0},"end":{"line":124,"column":16}}},"fnMap":{"0":{"name":"createRink","decl":{"start":{"line":27,"column":16},"end":{"line":27,"column":26}},"loc":{"start":{"line":27,"column":51},"end":{"line":117,"column":1}}},"1":{"name":"createRinkToFile","decl":{"start":{"line":124,"column":16},"end":{"line":124,"column":32}},"loc":{"start":{"line":124,"column":77},"end":{"line":127,"column":1}}}},"branchMap":{"0":{"loc":{"start":{"line":91,"column":21},"end":{"line":91,"column":67}},"type":"cond-expr","locations":[{"start":{"line":91,"column":38},"end":{"line":91,"column":53}},{"start":{"line":91,"column":56},"end":{"line":91,"column":67}}]}},"s":{"0":2,"1":2,"2":2,"3":18,"4":18,"5":18,"6":18,"7":18,"8":18,"9":18,"10":18,"11":18,"12":18,"13":18,"14":18,"15":18,"16":18,"17":18,"18":18,"19":18,"20":18,"21":17,"22":17,"23":17,"24":17,"25":1,"26":18,"27":18,"28":18,"29":18,"30":2,"31":4,"32":4,"33":2},"f":{"0":18,"1":4},"b":{"0":[0,17]}}
,"/app/src/graphic/edgeGoalVisualizer/file:/app/src/graphic/edgeGoalVisualizer/renderTrackingFrame.ts": {"path":"/app/src/graphic/edgeGoalVisualizer/file:/app/src/graphic/edgeGoalVisualizer/renderTrackingFrame.ts","statementMap":{"0":{"start":{"line":1,"column":0},"end":{"line":1,"column":60}},"1":{"start":{"line":2,"column":0},"end":{"line":2,"column":72}},"2":{"start":{"line":3,"column":0},"end":{"line":3,"column":20}},"3":{"start":{"line":57,"column":6},"end":{"line":57,"column":13}},"4":{"start":{"line":60,"column":19},"end":{"line":60,"column":41}},"5":{"start":{"line":63,"column":35},"end":{"line":63,"column":37}},"6":{"start":{"line":64,"column":33},"end":{"line":64,"column":35}},"7":{"start":{"line":67,"column":20},"end":{"line":67,"column":64}},"8":{"start":{"line":68,"column":21},"end":{"line":68,"column":66}},"9":{"start":{"line":70,"column":2},"end":{"line":129,"column":3}},"10":{"start":{"line":72,"column":19},"end":{"line":72,"column":75}},"11":{"start":{"line":74,"column":4},"end":{"line":128,"column":5}},"12":{"start":{"line":76,"column":6},"end":{"line":80,"column":8}},"13":{"start":{"line":84,"column":29},"end":{"line":84,"column":69}},"14":{"start":{"line":85,"column":30},"end":{"line":85,"column":71}},"15":{"start":{"line":86,"column":29},"end":{"line":86,"column":69}},"16":{"start":{"line":88,"column":25},"end":{"line":88,"column":61}},"17":{"start":{"line":89,"column":26},"end":{"line":89,"column":63}},"18":{"start":{"line":90,"column":25},"end":{"line":90,"column":61}},"19":{"start":{"line":92,"column":24},"end":{"line":96,"column":19}},"20":{"start":{"line":99,"column":28},"end":{"line":99,"column":65}},"21":{"start":{"line":102,"column":26},"end":{"line":102,"column":91}},"22":{"start":{"line":105,"column":6},"end":{"line":107,"column":7}},"23":{"start":{"line":106,"column":8},"end":{"line":106,"column":127}},"24":{"start":{"line":110,"column":6},"end":{"line":116,"column":7}},"25":{"start":{"line":112,"column":8},"end":{"line":112,"column":111}},"26":{"start":{"line":115,"column":8},"end":{"line":115,"column":111}},"27":{"start":{"line":119,"column":6},"end":{"line":124,"column":7}},"28":{"start":{"line":120,"column":26},"end":{"line":120,"column":60}},"29":{"start":{"line":121,"column":8},"end":{"line":123,"column":43}},"30":{"start":{"line":126,"column":6},"end":{"line":126,"column":30}},"31":{"start":{"line":127,"column":6},"end":{"line":127,"column":41}},"32":{"start":{"line":133,"column":27},"end":{"line":133,"column":63}},"33":{"start":{"line":134,"column":26},"end":{"line":134,"column":58}},"34":{"start":{"line":135,"column":2},"end":{"line":147,"column":3}},"35":{"start":{"line":138,"column":6},"end":{"line":141,"column":20}},"36":{"start":{"line":143,"column":4},"end":{"line":146,"column":40}},"37":{"start":{"line":149,"column":2},"end":{"line":149,"column":20}},"38":{"start":{"line":47,"column":0},"end":{"line":47,"column":16}},"39":{"start":{"line":165,"column":21},"end":{"line":165,"column":76}},"40":{"start":{"line":166,"column":2},"end":{"line":166,"column":52}},"41":{"start":{"line":159,"column":0},"end":{"line":159,"column":16}}},"fnMap":{"0":{"name":"renderTrackingFrame","decl":{"start":{"line":47,"column":16},"end":{"line":47,"column":35}},"loc":{"start":{"line":50,"column":29},"end":{"line":150,"column":1}}},"1":{"name":"renderTrackingFrameToFile","decl":{"start":{"line":159,"column":16},"end":{"line":159,"column":41}},"loc":{"start":{"line":163,"column":29},"end":{"line":167,"column":1}}}},"branchMap":{"0":{"loc":{"start":{"line":50,"column":2},"end":{"line":50,"column":29}},"type":"default-arg","locations":[{"start":{"line":50,"column":27},"end":{"line":50,"column":29}}]},"1":{"loc":{"start":{"line":54,"column":4},"end":{"line":54,"column":22}},"type":"default-arg","locations":[{"start":{"line":54,"column":18},"end":{"line":54,"column":22}}]},"2":{"loc":{"start":{"line":55,"column":4},"end":{"line":55,"column":21}},"type":"default-arg","locations":[{"start":{"line":55,"column":19},"end":{"line":55,"column":21}}]},"3":{"loc":{"start":{"line":56,"column":4},"end":{"line":56,"column":19}},"type":"default-arg","locations":[{"start":{"line":56,"column":17},"end":{"line":56,"column":19}}]},"4":{"loc":{"start":{"line":72,"column":19},"end":{"line":72,"column":75}},"type":"binary-expr","locations":[{"start":{"line":72,"column":19},"end":{"line":72,"column":34}},{"start":{"line":72,"column":38},"end":{"line":72,"column":55}},{"start":{"line":72,"column":59},"end":{"line":72,"column":75}}]},"5":{"loc":{"start":{"line":74,"column":4},"end":{"line":128,"column":5}},"type":"if","locations":[{"start":{"line":74,"column":4},"end":{"line":128,"column":5}},{"start":{"line":81,"column":11},"end":{"line":128,"column":5}}]},"6":{"loc":{"start":{"line":92,"column":24},"end":{"line":96,"column":19}},"type":"cond-expr","locations":[{"start":{"line":93,"column":10},"end":{"line":93,"column":19}},{"start":{"line":94,"column":10},"end":{"line":96,"column":19}}]},"7":{"loc":{"start":{"line":94,"column":10},"end":{"line":96,"column":19}},"type":"cond-expr","locations":[{"start":{"line":95,"column":10},"end":{"line":95,"column":20}},{"start":{"line":96,"column":10},"end":{"line":96,"column":19}}]},"8":{"loc":{"start":{"line":105,"column":6},"end":{"line":107,"column":7}},"type":"if","locations":[{"start":{"line":105,"column":6},"end":{"line":107,"column":7}}]},"9":{"loc":{"start":{"line":110,"column":6},"end":{"line":116,"column":7}},"type":"if","locations":[{"start":{"line":110,"column":6},"end":{"line":116,"column":7}},{"start":{"line":113,"column":13},"end":{"line":116,"column":7}}]},"10":{"loc":{"start":{"line":119,"column":6},"end":{"line":124,"column":7}},"type":"if","locations":[{"start":{"line":119,"column":6},"end":{"line":124,"column":7}}]},"11":{"loc":{"start":{"line":119,"column":10},"end":{"line":119,"column":45}},"type":"binary-expr","locations":[{"start":{"line":119,"column":10},"end":{"line":119,"column":21}},{"start":{"line":119,"column":25},"end":{"line":119,"column":45}}]},"12":{"loc":{"start":{"line":120,"column":26},"end":{"line":120,"column":60}},"type":"cond-expr","locations":[{"start":{"line":120,"column":39},"end":{"line":120,"column":48}},{"start":{"line":120,"column":51},"end":{"line":120,"column":60}}]},"13":{"loc":{"start":{"line":135,"column":2},"end":{"line":147,"column":3}},"type":"if","locations":[{"start":{"line":135,"column":2},"end":{"line":147,"column":3}}]},"14":{"loc":{"start":{"line":163,"column":2},"end":{"line":163,"column":29}},"type":"default-arg","locations":[{"start":{"line":163,"column":27},"end":{"line":163,"column":29}}]}},"s":{"0":1,"1":1,"2":1,"3":6,"4":6,"5":6,"6":6,"7":6,"8":6,"9":6,"10":66,"11":66,"12":6,"13":60,"14":60,"15":60,"16":60,"17":60,"18":60,"19":60,"20":60,"21":60,"22":60,"23":2,"24":60,"25":30,"26":30,"27":60,"28":60,"29":60,"30":60,"31":60,"32":6,"33":6,"34":6,"35":6,"36":6,"37":6,"38":1,"39":2,"40":2,"41":1},"f":{"0":6,"1":2},"b":{"0":[3],"1":[6],"2":[6],"3":[6],"4":[66,60,60],"5":[6,60],"6":[0,60],"7":[0,60],"8":[2],"9":[30,30],"10":[60],"11":[60,60],"12":[30,30],"13":[6],"14":[1]}}
,"/app/src/graphic/file:/app/src/graphic/game.ts": {"path":"/app/src/graphic/file:/app/src/graphic/game.ts","statementMap":{"0":{"start":{"line":1,"column":0},"end":{"line":1,"column":38}},"1":{"start":{"line":2,"column":0},"end":{"line":2,"column":24}},"2":{"start":{"line":3,"column":0},"end":{"line":3,"column":null}},"3":{"start":{"line":52,"column":17},"end":{"line":52,"column":39}},"4":{"start":{"line":54,"column":2},"end":{"line":60,"column":4}},"5":{"start":{"line":62,"column":2},"end":{"line":68,"column":4}},"6":{"start":{"line":70,"column":14},"end":{"line":70,"column":37}},"7":{"start":{"line":72,"column":2},"end":{"line":76,"column":4}},"8":{"start":{"line":78,"column":2},"end":{"line":85,"column":5}},"9":{"start":{"line":87,"column":20},"end":{"line":87,"column":23}},"10":{"start":{"line":88,"column":24},"end":{"line":88,"column":54}},"11":{"start":{"line":89,"column":24},"end":{"line":89,"column":54}},"12":{"start":{"line":91,"column":26},"end":{"line":206,"column":4}},"13":{"start":{"line":208,"column":2},"end":{"line":208,"column":60}},"14":{"start":{"line":209,"column":2},"end":{"line":209,"column":51}},"15":{"start":{"line":51,"column":0},"end":{"line":51,"column":15}}},"fnMap":{"0":{"name":"createGameImage","decl":{"start":{"line":51,"column":30},"end":{"line":51,"column":45}},"loc":{"start":{"line":51,"column":69},"end":{"line":210,"column":1}}}},"branchMap":{},"s":{"0":1,"1":1,"2":1,"3":1,"4":1,"5":1,"6":1,"7":1,"8":1,"9":1,"10":1,"11":1,"12":1,"13":1,"14":1,"15":1},"f":{"0":1},"b":{}}
,"/app/src/graphic/file:/app/src/graphic/intermission.ts": {"path":"/app/src/graphic/file:/app/src/graphic/intermission.ts","statementMap":{"0":{"start":{"line":1,"column":0},"end":{"line":1,"column":38}},"1":{"start":{"line":2,"column":0},"end":{"line":2,"column":24}},"2":{"start":{"line":3,"column":0},"end":{"line":3,"column":null}},"3":{"start":{"line":78,"column":17},"end":{"line":78,"column":39}},"4":{"start":{"line":80,"column":2},"end":{"line":86,"column":4}},"5":{"start":{"line":88,"column":2},"end":{"line":94,"column":4}},"6":{"start":{"line":95,"column":14},"end":{"line":95,"column":37}},"7":{"start":{"line":97,"column":2},"end":{"line":101,"column":4}},"8":{"start":{"line":103,"column":2},"end":{"line":110,"column":5}},"9":{"start":{"line":112,"column":20},"end":{"line":112,"column":23}},"10":{"start":{"line":113,"column":24},"end":{"line":113,"column":59}},"11":{"start":{"line":114,"column":24},"end":{"line":114,"column":59}},"12":{"start":{"line":116,"column":26},"end":{"line":247,"column":4}},"13":{"start":{"line":249,"column":2},"end":{"line":249,"column":60}},"14":{"start":{"line":251,"column":20},"end":{"line":251,"column":23}},"15":{"start":{"line":252,"column":21},"end":{"line":252,"column":23}},"16":{"start":{"line":254,"column":22},"end":{"line":254,"column":24}},"17":{"start":{"line":255,"column":22},"end":{"line":255,"column":23}},"18":{"start":{"line":257,"column":2},"end":{"line":263,"column":5}},"19":{"start":{"line":265,"column":2},"end":{"line":272,"column":5}},"20":{"start":{"line":274,"column":2},"end":{"line":280,"column":5}},"21":{"start":{"line":282,"column":2},"end":{"line":289,"column":5}},"22":{"start":{"line":291,"column":2},"end":{"line":306,"column":5}},"23":{"start":{"line":298,"column":6},"end":{"line":302,"column":7}},"24":{"start":{"line":299,"column":8},"end":{"line":299,"column":95}},"25":{"start":{"line":301,"column":8},"end":{"line":301,"column":74}},"26":{"start":{"line":308,"column":2},"end":{"line":323,"column":5}},"27":{"start":{"line":315,"column":6},"end":{"line":319,"column":7}},"28":{"start":{"line":316,"column":8},"end":{"line":316,"column":97}},"29":{"start":{"line":318,"column":8},"end":{"line":318,"column":76}},"30":{"start":{"line":325,"column":2},"end":{"line":325,"column":59}},"31":{"start":{"line":75,"column":0},"end":{"line":75,"column":15}}},"fnMap":{"0":{"name":"intermission","decl":{"start":{"line":75,"column":30},"end":{"line":75,"column":42}},"loc":{"start":{"line":76,"column":32},"end":{"line":326,"column":1}}},"1":{"name":"(anonymous_2)","decl":{"start":{"line":297,"column":42},"end":{"line":297,"column":43}},"loc":{"start":{"line":297,"column":56},"end":{"line":303,"column":5}}},"2":{"name":"(anonymous_3)","decl":{"start":{"line":314,"column":42},"end":{"line":314,"column":43}},"loc":{"start":{"line":314,"column":56},"end":{"line":320,"column":5}}}},"branchMap":{"0":{"loc":{"start":{"line":113,"column":37},"end":{"line":113,"column":58}},"type":"binary-expr","locations":[{"start":{"line":113,"column":37},"end":{"line":113,"column":53}},{"start":{"line":113,"column":56},"end":{"line":113,"column":58}}]},"1":{"loc":{"start":{"line":114,"column":37},"end":{"line":114,"column":58}},"type":"binary-expr","locations":[{"start":{"line":114,"column":37},"end":{"line":114,"column":53}},{"start":{"line":114,"column":56},"end":{"line":114,"column":58}}]},"2":{"loc":{"start":{"line":298,"column":6},"end":{"line":302,"column":7}},"type":"if","locations":[{"start":{"line":298,"column":6},"end":{"line":302,"column":7}},{"start":{"line":300,"column":13},"end":{"line":302,"column":7}}]},"3":{"loc":{"start":{"line":315,"column":6},"end":{"line":319,"column":7}},"type":"if","locations":[{"start":{"line":315,"column":6},"end":{"line":319,"column":7}},{"start":{"line":317,"column":13},"end":{"line":319,"column":7}}]}},"s":{"0":1,"1":1,"2":1,"3":1,"4":1,"5":1,"6":1,"7":1,"8":1,"9":1,"10":1,"11":1,"12":1,"13":1,"14":1,"15":1,"16":1,"17":1,"18":1,"19":1,"20":1,"21":1,"22":1,"23":2,"24":2,"25":0,"26":1,"27":1,"28":1,"29":0,"30":1,"31":1},"f":{"0":1,"1":2,"2":1},"b":{"0":[1,0],"1":[1,0],"2":[2,0],"3":[1,0]}}
,"/app/src/graphic/file:/app/src/graphic/liveAdvancedGameStats.ts": {"path":"/app/src/graphic/file:/app/src/graphic/liveAdvancedGameStats.ts","statementMap":{"0":{"start":{"line":1,"column":0},"end":{"line":1,"column":38}},"1":{"start":{"line":2,"column":0},"end":{"line":2,"column":24}},"2":{"start":{"line":3,"column":0},"end":{"line":3,"column":null}},"3":{"start":{"line":28,"column":2},"end":{"line":28,"column":33}},"4":{"start":{"line":34,"column":17},"end":{"line":34,"column":39}},"5":{"start":{"line":36,"column":2},"end":{"line":42,"column":4}},"6":{"start":{"line":44,"column":2},"end":{"line":50,"column":4}},"7":{"start":{"line":52,"column":14},"end":{"line":52,"column":37}},"8":{"start":{"line":54,"column":2},"end":{"line":58,"column":4}},"9":{"start":{"line":60,"column":2},"end":{"line":67,"column":5}},"10":{"start":{"line":71,"column":21},"end":{"line":71,"column":24}},"11":{"start":{"line":72,"column":21},"end":{"line":72,"column":23}},"12":{"start":{"line":73,"column":20},"end":{"line":73,"column":62}},"13":{"start":{"line":74,"column":20},"end":{"line":74,"column":50}},"14":{"start":{"line":75,"column":20},"end":{"line":75,"column":50}},"15":{"start":{"line":77,"column":18},"end":{"line":96,"column":4}},"16":{"start":{"line":82,"column":8},"end":{"line":96,"column":4}},"17":{"start":{"line":98,"column":26},"end":{"line":119,"column":4}},"18":{"start":{"line":121,"column":2},"end":{"line":121,"column":60}},"19":{"start":{"line":122,"column":2},"end":{"line":122,"column":51}},"20":{"start":{"line":31,"column":0},"end":{"line":31,"column":15}}},"fnMap":{"0":{"name":"metricLabel","decl":{"start":{"line":27,"column":9},"end":{"line":27,"column":20}},"loc":{"start":{"line":27,"column":48},"end":{"line":29,"column":1}}},"1":{"name":"createLiveAdvancedGameStatsImage","decl":{"start":{"line":31,"column":30},"end":{"line":31,"column":62}},"loc":{"start":{"line":32,"column":42},"end":{"line":123,"column":1}}},"2":{"name":"(anonymous_3)","decl":{"start":{"line":77,"column":18},"end":{"line":77,"column":null}},"loc":{"start":{"line":82,"column":8},"end":{"line":96,"column":4}}}},"branchMap":{"0":{"loc":{"start":{"line":27,"column":36},"end":{"line":27,"column":48}},"type":"default-arg","locations":[{"start":{"line":27,"column":47},"end":{"line":27,"column":48}}]},"1":{"loc":{"start":{"line":81,"column":4},"end":{"line":81,"column":16}},"type":"default-arg","locations":[{"start":{"line":81,"column":15},"end":{"line":81,"column":16}}]}},"s":{"0":1,"1":1,"2":1,"3":48,"4":2,"5":2,"6":2,"7":2,"8":2,"9":2,"10":2,"11":2,"12":2,"13":2,"14":2,"15":2,"16":24,"17":2,"18":2,"19":2,"20":1},"f":{"0":48,"1":2,"2":24},"b":{"0":[0],"1":[20]}}
,"/app/src/graphic/file:/app/src/graphic/postGame.ts": {"path":"/app/src/graphic/file:/app/src/graphic/postGame.ts","statementMap":{"0":{"start":{"line":1,"column":0},"end":{"line":1,"column":38}},"1":{"start":{"line":2,"column":0},"end":{"line":2,"column":24}},"2":{"start":{"line":3,"column":0},"end":{"line":3,"column":null}},"3":{"start":{"line":78,"column":17},"end":{"line":78,"column":39}},"4":{"start":{"line":80,"column":2},"end":{"line":86,"column":4}},"5":{"start":{"line":88,"column":2},"end":{"line":94,"column":4}},"6":{"start":{"line":96,"column":14},"end":{"line":96,"column":37}},"7":{"start":{"line":97,"column":2},"end":{"line":101,"column":4}},"8":{"start":{"line":103,"column":2},"end":{"line":110,"column":5}},"9":{"start":{"line":112,"column":20},"end":{"line":112,"column":23}},"10":{"start":{"line":113,"column":24},"end":{"line":113,"column":59}},"11":{"start":{"line":114,"column":24},"end":{"line":114,"column":59}},"12":{"start":{"line":116,"column":26},"end":{"line":247,"column":4}},"13":{"start":{"line":249,"column":2},"end":{"line":249,"column":60}},"14":{"start":{"line":251,"column":20},"end":{"line":251,"column":23}},"15":{"start":{"line":252,"column":21},"end":{"line":252,"column":23}},"16":{"start":{"line":253,"column":22},"end":{"line":253,"column":24}},"17":{"start":{"line":254,"column":22},"end":{"line":254,"column":23}},"18":{"start":{"line":256,"column":2},"end":{"line":262,"column":5}},"19":{"start":{"line":264,"column":2},"end":{"line":271,"column":5}},"20":{"start":{"line":273,"column":2},"end":{"line":279,"column":5}},"21":{"start":{"line":281,"column":2},"end":{"line":288,"column":5}},"22":{"start":{"line":290,"column":2},"end":{"line":305,"column":5}},"23":{"start":{"line":297,"column":6},"end":{"line":301,"column":7}},"24":{"start":{"line":298,"column":8},"end":{"line":298,"column":95}},"25":{"start":{"line":300,"column":8},"end":{"line":300,"column":74}},"26":{"start":{"line":307,"column":2},"end":{"line":322,"column":5}},"27":{"start":{"line":314,"column":6},"end":{"line":318,"column":7}},"28":{"start":{"line":315,"column":8},"end":{"line":315,"column":97}},"29":{"start":{"line":317,"column":8},"end":{"line":317,"column":76}},"30":{"start":{"line":324,"column":2},"end":{"line":324,"column":55}},"31":{"start":{"line":75,"column":0},"end":{"line":75,"column":15}}},"fnMap":{"0":{"name":"postGame","decl":{"start":{"line":75,"column":30},"end":{"line":75,"column":38}},"loc":{"start":{"line":76,"column":24},"end":{"line":325,"column":1}}},"1":{"name":"(anonymous_2)","decl":{"start":{"line":296,"column":42},"end":{"line":296,"column":43}},"loc":{"start":{"line":296,"column":56},"end":{"line":302,"column":5}}},"2":{"name":"(anonymous_3)","decl":{"start":{"line":313,"column":42},"end":{"line":313,"column":43}},"loc":{"start":{"line":313,"column":56},"end":{"line":319,"column":5}}}},"branchMap":{"0":{"loc":{"start":{"line":113,"column":37},"end":{"line":113,"column":58}},"type":"binary-expr","locations":[{"start":{"line":113,"column":37},"end":{"line":113,"column":53}},{"start":{"line":113,"column":56},"end":{"line":113,"column":58}}]},"1":{"loc":{"start":{"line":114,"column":37},"end":{"line":114,"column":58}},"type":"binary-expr","locations":[{"start":{"line":114,"column":37},"end":{"line":114,"column":53}},{"start":{"line":114,"column":56},"end":{"line":114,"column":58}}]},"2":{"loc":{"start":{"line":297,"column":6},"end":{"line":301,"column":7}},"type":"if","locations":[{"start":{"line":297,"column":6},"end":{"line":301,"column":7}},{"start":{"line":299,"column":13},"end":{"line":301,"column":7}}]},"3":{"loc":{"start":{"line":314,"column":6},"end":{"line":318,"column":7}},"type":"if","locations":[{"start":{"line":314,"column":6},"end":{"line":318,"column":7}},{"start":{"line":316,"column":13},"end":{"line":318,"column":7}}]}},"s":{"0":1,"1":1,"2":1,"3":1,"4":1,"5":1,"6":1,"7":1,"8":1,"9":1,"10":1,"11":1,"12":1,"13":1,"14":1,"15":1,"16":1,"17":1,"18":1,"19":1,"20":1,"21":1,"22":1,"23":4,"24":3,"25":1,"26":1,"27":2,"28":2,"29":0,"30":1,"31":1},"f":{"0":1,"1":4,"2":2},"b":{"0":[1,0],"1":[1,0],"2":[3,1],"3":[2,0]}}
,"/app/src/graphic/file:/app/src/graphic/preGame.ts": {"path":"/app/src/graphic/file:/app/src/graphic/preGame.ts","statementMap":{"0":{"start":{"line":1,"column":0},"end":{"line":1,"column":38}},"1":{"start":{"line":2,"column":0},"end":{"line":2,"column":24}},"2":{"start":{"line":3,"column":0},"end":{"line":3,"column":null}},"3":{"start":{"line":46,"column":6},"end":{"line":46,"column":12}},"4":{"start":{"line":48,"column":17},"end":{"line":48,"column":39}},"5":{"start":{"line":50,"column":2},"end":{"line":56,"column":4}},"6":{"start":{"line":58,"column":2},"end":{"line":64,"column":4}},"7":{"start":{"line":66,"column":14},"end":{"line":66,"column":37}},"8":{"start":{"line":68,"column":2},"end":{"line":72,"column":4}},"9":{"start":{"line":74,"column":2},"end":{"line":81,"column":5}},"10":{"start":{"line":83,"column":20},"end":{"line":83,"column":23}},"11":{"start":{"line":84,"column":21},"end":{"line":84,"column":24}},"12":{"start":{"line":85,"column":22},"end":{"line":85,"column":24}},"13":{"start":{"line":86,"column":24},"end":{"line":86,"column":40}},"14":{"start":{"line":88,"column":2},"end":{"line":94,"column":5}},"15":{"start":{"line":96,"column":2},"end":{"line":103,"column":5}},"16":{"start":{"line":105,"column":2},"end":{"line":112,"column":5}},"17":{"start":{"line":114,"column":2},"end":{"line":120,"column":5}},"18":{"start":{"line":122,"column":2},"end":{"line":129,"column":5}},"19":{"start":{"line":131,"column":2},"end":{"line":138,"column":5}},"20":{"start":{"line":140,"column":2},"end":{"line":147,"column":5}},"21":{"start":{"line":149,"column":2},"end":{"line":156,"column":5}},"22":{"start":{"line":158,"column":2},"end":{"line":165,"column":5}},"23":{"start":{"line":167,"column":2},"end":{"line":174,"column":5}},"24":{"start":{"line":176,"column":2},"end":{"line":176,"column":54}},"25":{"start":{"line":33,"column":0},"end":{"line":33,"column":15}}},"fnMap":{"0":{"name":"preGame","decl":{"start":{"line":33,"column":30},"end":{"line":33,"column":37}},"loc":{"start":{"line":33,"column":59},"end":{"line":177,"column":1}}}},"branchMap":{},"s":{"0":1,"1":1,"2":1,"3":1,"4":1,"5":1,"6":1,"7":1,"8":1,"9":1,"10":1,"11":1,"12":1,"13":1,"14":1,"15":1,"16":1,"17":1,"18":1,"19":1,"20":1,"21":1,"22":1,"23":1,"24":1,"25":1},"f":{"0":1},"b":{}}
,"/app/src/graphic/file:/app/src/graphic/shotChart.ts": {"path":"/app/src/graphic/file:/app/src/graphic/shotChart.ts","statementMap":{"0":{"start":{"line":1,"column":0},"end":{"line":1,"column":45}},"1":{"start":{"line":2,"column":0},"end":{"line":2,"column":35}},"2":{"start":{"line":4,"column":0},"end":{"line":4,"column":36}},"3":{"start":{"line":5,"column":0},"end":{"line":5,"column":20}},"4":{"start":{"line":6,"column":0},"end":{"line":6,"column":24}},"5":{"start":{"line":7,"column":0},"end":{"line":7,"column":26}},"6":{"start":{"line":8,"column":0},"end":{"line":8,"column":28}},"7":{"start":{"line":46,"column":21},"end":{"line":46,"column":50}},"8":{"start":{"line":48,"column":10},"end":{"line":48,"column":16}},"9":{"start":{"line":49,"column":10},"end":{"line":49,"column":16}},"10":{"start":{"line":51,"column":2},"end":{"line":54,"column":3}},"11":{"start":{"line":52,"column":4},"end":{"line":52,"column":11}},"12":{"start":{"line":53,"column":4},"end":{"line":53,"column":11}},"13":{"start":{"line":57,"column":2},"end":{"line":67,"column":3}},"14":{"start":{"line":58,"column":4},"end":{"line":66,"column":5}},"15":{"start":{"line":60,"column":6},"end":{"line":60,"column":13}},"16":{"start":{"line":61,"column":6},"end":{"line":61,"column":13}},"17":{"start":{"line":62,"column":11},"end":{"line":66,"column":5}},"18":{"start":{"line":64,"column":6},"end":{"line":64,"column":13}},"19":{"start":{"line":65,"column":6},"end":{"line":65,"column":13}},"20":{"start":{"line":69,"column":2},"end":{"line":69,"column":18}},"21":{"start":{"line":79,"column":29},"end":{"line":79,"column":31}},"22":{"start":{"line":80,"column":21},"end":{"line":80,"column":22}},"23":{"start":{"line":82,"column":2},"end":{"line":161,"column":3}},"24":{"start":{"line":84,"column":4},"end":{"line":86,"column":5}},"25":{"start":{"line":85,"column":6},"end":{"line":85,"column":15}},"26":{"start":{"line":90,"column":6},"end":{"line":93,"column":40}},"27":{"start":{"line":95,"column":4},"end":{"line":97,"column":5}},"28":{"start":{"line":96,"column":6},"end":{"line":96,"column":15}},"29":{"start":{"line":100,"column":4},"end":{"line":104,"column":5}},"30":{"start":{"line":101,"column":6},"end":{"line":101,"column":21}},"31":{"start":{"line":102,"column":6},"end":{"line":102,"column":180}},"32":{"start":{"line":103,"column":6},"end":{"line":103,"column":15}},"33":{"start":{"line":106,"column":4},"end":{"line":108,"column":5}},"34":{"start":{"line":107,"column":6},"end":{"line":107,"column":15}},"35":{"start":{"line":111,"column":4},"end":{"line":116,"column":5}},"36":{"start":{"line":113,"column":27},"end":{"line":113,"column":56}},"37":{"start":{"line":114,"column":6},"end":{"line":114,"column":68}},"38":{"start":{"line":114,"column":59},"end":{"line":114,"column":68}},"39":{"start":{"line":115,"column":6},"end":{"line":115,"column":68}},"40":{"start":{"line":115,"column":59},"end":{"line":115,"column":68}},"41":{"start":{"line":120,"column":21},"end":{"line":122,"column":37}},"42":{"start":{"line":127,"column":29},"end":{"line":127,"column":58}},"43":{"start":{"line":128,"column":4},"end":{"line":132,"column":5}},"44":{"start":{"line":129,"column":6},"end":{"line":131,"column":37}},"45":{"start":{"line":134,"column":4},"end":{"line":139,"column":5}},"46":{"start":{"line":135,"column":21},"end":{"line":135,"column":80}},"47":{"start":{"line":135,"column":56},"end":{"line":135,"column":79}},"48":{"start":{"line":136,"column":6},"end":{"line":138,"column":7}},"49":{"start":{"line":137,"column":8},"end":{"line":137,"column":78}},"50":{"start":{"line":142,"column":30},"end":{"line":142,"column":56}},"51":{"start":{"line":143,"column":23},"end":{"line":143,"column":66}},"52":{"start":{"line":144,"column":19},"end":{"line":149,"column":null}},"53":{"start":{"line":152,"column":4},"end":{"line":160,"column":7}},"54":{"start":{"line":163,"column":2},"end":{"line":165,"column":3}},"55":{"start":{"line":164,"column":4},"end":{"line":164,"column":76}},"56":{"start":{"line":167,"column":20},"end":{"line":167,"column":63}},"57":{"start":{"line":167,"column":38},"end":{"line":167,"column":55}},"58":{"start":{"line":168,"column":2},"end":{"line":168,"column":87}},"59":{"start":{"line":170,"column":2},"end":{"line":170,"column":15}},"60":{"start":{"line":75,"column":0},"end":{"line":75,"column":16}},"61":{"start":{"line":178,"column":27},"end":{"line":178,"column":57}},"62":{"start":{"line":179,"column":2},"end":{"line":181,"column":3}},"63":{"start":{"line":180,"column":4},"end":{"line":180,"column":73}},"64":{"start":{"line":184,"column":19},"end":{"line":186,"column":36}},"65":{"start":{"line":187,"column":2},"end":{"line":192,"column":3}},"66":{"start":{"line":188,"column":19},"end":{"line":188,"column":78}},"67":{"start":{"line":188,"column":54},"end":{"line":188,"column":77}},"68":{"start":{"line":189,"column":4},"end":{"line":191,"column":5}},"69":{"start":{"line":190,"column":6},"end":{"line":190,"column":72}},"70":{"start":{"line":194,"column":2},"end":{"line":194,"column":16}},"71":{"start":{"line":203,"column":2},"end":{"line":214,"column":3}},"72":{"start":{"line":205,"column":6},"end":{"line":205,"column":20}},"73":{"start":{"line":207,"column":6},"end":{"line":207,"column":20}},"74":{"start":{"line":209,"column":6},"end":{"line":209,"column":23}},"75":{"start":{"line":211,"column":6},"end":{"line":211,"column":22}},"76":{"start":{"line":213,"column":6},"end":{"line":213,"column":20}},"77":{"start":{"line":228,"column":2},"end":{"line":423,"column":3}},"78":{"start":{"line":229,"column":4},"end":{"line":229,"column":58}},"79":{"start":{"line":232,"column":23},"end":{"line":232,"column":52}},"80":{"start":{"line":235,"column":18},"end":{"line":239,"column":6}},"81":{"start":{"line":241,"column":4},"end":{"line":241,"column":57}},"82":{"start":{"line":243,"column":4},"end":{"line":246,"column":5}},"83":{"start":{"line":244,"column":6},"end":{"line":244,"column":48}},"84":{"start":{"line":245,"column":6},"end":{"line":245,"column":13}},"85":{"start":{"line":249,"column":21},"end":{"line":249,"column":67}},"86":{"start":{"line":250,"column":37},"end":{"line":250,"column":45}},"87":{"start":{"line":252,"column":16},"end":{"line":252,"column":70}},"88":{"start":{"line":253,"column":5},"end":{"line":253,"column":51}},"89":{"start":{"line":254,"column":5},"end":{"line":254,"column":40}},"90":{"start":{"line":257,"column":5},"end":{"line":259,"column":6}},"91":{"start":{"line":258,"column":6},"end":{"line":258,"column":45}},"92":{"start":{"line":260,"column":5},"end":{"line":262,"column":6}},"93":{"start":{"line":261,"column":6},"end":{"line":261,"column":23}},"94":{"start":{"line":265,"column":22},"end":{"line":265,"column":62}},"95":{"start":{"line":266,"column":4},"end":{"line":266,"column":42}},"96":{"start":{"line":267,"column":4},"end":{"line":267,"column":52}},"97":{"start":{"line":270,"column":25},"end":{"line":270,"column":74}},"98":{"start":{"line":271,"column":25},"end":{"line":271,"column":74}},"99":{"start":{"line":272,"column":27},"end":{"line":272,"column":53}},"100":{"start":{"line":273,"column":27},"end":{"line":273,"column":53}},"101":{"start":{"line":276,"column":29},"end":{"line":276,"column":52}},"102":{"start":{"line":277,"column":26},"end":{"line":277,"column":52}},"103":{"start":{"line":278,"column":26},"end":{"line":278,"column":52}},"104":{"start":{"line":279,"column":22},"end":{"line":279,"column":46}},"105":{"start":{"line":280,"column":22},"end":{"line":280,"column":46}},"106":{"start":{"line":283,"column":17},"end":{"line":283,"column":59}},"107":{"start":{"line":286,"column":4},"end":{"line":293,"column":5}},"108":{"start":{"line":287,"column":6},"end":{"line":287,"column":44}},"109":{"start":{"line":288,"column":6},"end":{"line":292,"column":9}},"110":{"start":{"line":296,"column":4},"end":{"line":312,"column":5}},"111":{"start":{"line":297,"column":6},"end":{"line":311,"column":9}},"112":{"start":{"line":301,"column":10},"end":{"line":303,"column":11}},"113":{"start":{"line":302,"column":12},"end":{"line":302,"column":29}},"114":{"start":{"line":305,"column":10},"end":{"line":305,"column":73}},"115":{"start":{"line":315,"column":23},"end":{"line":315,"column":53}},"116":{"start":{"line":316,"column":4},"end":{"line":318,"column":5}},"117":{"start":{"line":317,"column":6},"end":{"line":317,"column":48}},"118":{"start":{"line":321,"column":4},"end":{"line":393,"column":5}},"119":{"start":{"line":323,"column":6},"end":{"line":323,"column":57}},"120":{"start":{"line":326,"column":20},"end":{"line":326,"column":48}},"121":{"start":{"line":327,"column":26},"end":{"line":327,"column":73}},"122":{"start":{"line":328,"column":6},"end":{"line":328,"column":50}},"123":{"start":{"line":329,"column":6},"end":{"line":329,"column":67}},"124":{"start":{"line":332,"column":21},"end":{"line":332,"column":71}},"125":{"start":{"line":333,"column":4},"end":{"line":333,"column":36}},"126":{"start":{"line":334,"column":4},"end":{"line":334,"column":36}},"127":{"start":{"line":335,"column":4},"end":{"line":335,"column":42}},"128":{"start":{"line":336,"column":4},"end":{"line":336,"column":42}},"129":{"start":{"line":337,"column":4},"end":{"line":337,"column":43}},"130":{"start":{"line":338,"column":4},"end":{"line":338,"column":45}},"131":{"start":{"line":339,"column":4},"end":{"line":339,"column":44}},"132":{"start":{"line":340,"column":4},"end":{"line":340,"column":47}},"133":{"start":{"line":341,"column":4},"end":{"line":341,"column":37}},"134":{"start":{"line":342,"column":4},"end":{"line":342,"column":38}},"135":{"start":{"line":345,"column":24},"end":{"line":349,"column":6}},"136":{"start":{"line":351,"column":4},"end":{"line":387,"column":7}},"137":{"start":{"line":353,"column":21},"end":{"line":353,"column":71}},"138":{"start":{"line":354,"column":21},"end":{"line":354,"column":23}},"139":{"start":{"line":355,"column":20},"end":{"line":355,"column":21}},"140":{"start":{"line":356,"column":6},"end":{"line":369,"column":7}},"141":{"start":{"line":358,"column":10},"end":{"line":358,"column":63}},"142":{"start":{"line":359,"column":10},"end":{"line":359,"column":22}},"143":{"start":{"line":360,"column":10},"end":{"line":360,"column":16}},"144":{"start":{"line":362,"column":10},"end":{"line":362,"column":106}},"145":{"start":{"line":363,"column":10},"end":{"line":363,"column":22}},"146":{"start":{"line":364,"column":10},"end":{"line":364,"column":16}},"147":{"start":{"line":366,"column":10},"end":{"line":366,"column":109}},"148":{"start":{"line":367,"column":10},"end":{"line":367,"column":22}},"149":{"start":{"line":368,"column":10},"end":{"line":368,"column":16}},"150":{"start":{"line":370,"column":6},"end":{"line":370,"column":41}},"151":{"start":{"line":371,"column":6},"end":{"line":371,"column":77}},"152":{"start":{"line":372,"column":6},"end":{"line":372,"column":46}},"153":{"start":{"line":373,"column":6},"end":{"line":373,"column":44}},"154":{"start":{"line":374,"column":6},"end":{"line":374,"column":49}},"155":{"start":{"line":375,"column":6},"end":{"line":375,"column":38}},"156":{"start":{"line":378,"column":20},"end":{"line":378,"column":70}},"157":{"start":{"line":379,"column":6},"end":{"line":379,"column":56}},"158":{"start":{"line":380,"column":6},"end":{"line":380,"column":36}},"159":{"start":{"line":381,"column":6},"end":{"line":381,"column":44}},"160":{"start":{"line":382,"column":6},"end":{"line":382,"column":47}},"161":{"start":{"line":383,"column":6},"end":{"line":383,"column":41}},"162":{"start":{"line":384,"column":6},"end":{"line":384,"column":57}},"163":{"start":{"line":385,"column":6},"end":{"line":385,"column":37}},"164":{"start":{"line":386,"column":6},"end":{"line":386,"column":37}},"165":{"start":{"line":389,"column":4},"end":{"line":389,"column":40}},"166":{"start":{"line":392,"column":6},"end":{"line":392,"column":57}},"167":{"start":{"line":396,"column":23},"end":{"line":396,"column":43}},"168":{"start":{"line":399,"column":22},"end":{"line":399,"column":46}},"169":{"start":{"line":400,"column":4},"end":{"line":402,"column":5}},"170":{"start":{"line":401,"column":6},"end":{"line":401,"column":51}},"171":{"start":{"line":405,"column":4},"end":{"line":410,"column":26}},"172":{"start":{"line":412,"column":4},"end":{"line":412,"column":57}},"173":{"start":{"line":415,"column":4},"end":{"line":415,"column":52}},"174":{"start":{"line":416,"column":4},"end":{"line":416,"column":36}},"175":{"start":{"line":417,"column":4},"end":{"line":417,"column":34}},"176":{"start":{"line":418,"column":4},"end":{"line":418,"column":49}},"177":{"start":{"line":419,"column":4},"end":{"line":419,"column":48}},"178":{"start":{"line":421,"column":4},"end":{"line":421,"column":54}},"179":{"start":{"line":422,"column":4},"end":{"line":422,"column":16}},"180":{"start":{"line":223,"column":0},"end":{"line":223,"column":7}},"181":{"start":{"line":436,"column":18},"end":{"line":436,"column":50}},"182":{"start":{"line":437,"column":19},"end":{"line":437,"column":45}},"183":{"start":{"line":438,"column":21},"end":{"line":438,"column":49}},"184":{"start":{"line":440,"column":2},"end":{"line":440,"column":53}},"185":{"start":{"line":442,"column":2},"end":{"line":442,"column":20}},"186":{"start":{"line":432,"column":0},"end":{"line":432,"column":7}}},"fnMap":{"0":{"name":"convertCoordinates","decl":{"start":{"line":38,"column":9},"end":{"line":38,"column":27}},"loc":{"start":{"line":43,"column":27},"end":{"line":70,"column":1}}},"1":{"name":"extractShotEvents","decl":{"start":{"line":75,"column":16},"end":{"line":75,"column":33}},"loc":{"start":{"line":77,"column":89},"end":{"line":171,"column":1}}},"2":{"name":"(anonymous_9)","decl":{"start":{"line":135,"column":49},"end":{"line":135,"column":50}},"loc":{"start":{"line":135,"column":56},"end":{"line":135,"column":79}}},"3":{"name":"(anonymous_10)","decl":{"start":{"line":167,"column":33},"end":{"line":167,"column":34}},"loc":{"start":{"line":167,"column":38},"end":{"line":167,"column":55}}},"4":{"name":"getShotTeam","decl":{"start":{"line":176,"column":9},"end":{"line":176,"column":20}},"loc":{"start":{"line":176,"column":58},"end":{"line":195,"column":1}}},"5":{"name":"(anonymous_12)","decl":{"start":{"line":188,"column":47},"end":{"line":188,"column":48}},"loc":{"start":{"line":188,"column":54},"end":{"line":188,"column":77}}},"6":{"name":"getShotType","decl":{"start":{"line":200,"column":9},"end":{"line":200,"column":20}},"loc":{"start":{"line":201,"column":21},"end":{"line":215,"column":1}}},"7":{"name":"createShotChart","decl":{"start":{"line":223,"column":22},"end":{"line":223,"column":37}},"loc":{"start":{"line":226,"column":32},"end":{"line":424,"column":1}}},"8":{"name":"(anonymous_15)","decl":{"start":{"line":249,"column":21},"end":{"line":249,"column":34}},"loc":{"start":{"line":249,"column":21},"end":{"line":249,"column":67}}},"9":{"name":"(anonymous_16)","decl":{"start":{"line":257,"column":44},"end":{"line":257,"column":45}},"loc":{"start":{"line":257,"column":79},"end":{"line":259,"column":5}}},"10":{"name":"(anonymous_17)","decl":{"start":{"line":260,"column":43},"end":{"line":260,"column":44}},"loc":{"start":{"line":260,"column":58},"end":{"line":262,"column":5}}},"11":{"name":"(anonymous_18)","decl":{"start":{"line":276,"column":29},"end":{"line":276,"column":42}},"loc":{"start":{"line":276,"column":29},"end":{"line":276,"column":52}}},"12":{"name":"(anonymous_19)","decl":{"start":{"line":299,"column":15},"end":{"line":299,"column":16}},"loc":{"start":{"line":299,"column":32},"end":{"line":306,"column":9}}},"13":{"name":"(anonymous_20)","decl":{"start":{"line":351,"column":24},"end":{"line":351,"column":28}},"loc":{"start":{"line":351,"column":31},"end":{"line":387,"column":5}}},"14":{"name":"createAndSaveShotChart","decl":{"start":{"line":432,"column":22},"end":{"line":432,"column":44}},"loc":{"start":{"line":434,"column":32},"end":{"line":443,"column":1}}}},"branchMap":{"0":{"loc":{"start":{"line":51,"column":2},"end":{"line":54,"column":3}},"type":"if","locations":[{"start":{"line":51,"column":2},"end":{"line":54,"column":3}}]},"1":{"loc":{"start":{"line":57,"column":2},"end":{"line":67,"column":3}},"type":"if","locations":[{"start":{"line":57,"column":2},"end":{"line":67,"column":3}}]},"2":{"loc":{"start":{"line":58,"column":4},"end":{"line":66,"column":5}},"type":"if","locations":[{"start":{"line":58,"column":4},"end":{"line":66,"column":5}},{"start":{"line":62,"column":11},"end":{"line":66,"column":5}}]},"3":{"loc":{"start":{"line":58,"column":8},"end":{"line":58,"column":27}},"type":"binary-expr","locations":[{"start":{"line":58,"column":8},"end":{"line":58,"column":18}},{"start":{"line":58,"column":22},"end":{"line":58,"column":27}}]},"4":{"loc":{"start":{"line":62,"column":11},"end":{"line":66,"column":5}},"type":"if","locations":[{"start":{"line":62,"column":11},"end":{"line":66,"column":5}}]},"5":{"loc":{"start":{"line":62,"column":15},"end":{"line":62,"column":35}},"type":"binary-expr","locations":[{"start":{"line":62,"column":15},"end":{"line":62,"column":26}},{"start":{"line":62,"column":30},"end":{"line":62,"column":35}}]},"6":{"loc":{"start":{"line":84,"column":4},"end":{"line":86,"column":5}},"type":"if","locations":[{"start":{"line":84,"column":4},"end":{"line":86,"column":5}}]},"7":{"loc":{"start":{"line":90,"column":6},"end":{"line":93,"column":40}},"type":"binary-expr","locations":[{"start":{"line":90,"column":6},"end":{"line":90,"column":41}},{"start":{"line":91,"column":6},"end":{"line":91,"column":33}},{"start":{"line":92,"column":6},"end":{"line":92,"column":41}},{"start":{"line":93,"column":6},"end":{"line":93,"column":40}}]},"8":{"loc":{"start":{"line":95,"column":4},"end":{"line":97,"column":5}},"type":"if","locations":[{"start":{"line":95,"column":4},"end":{"line":97,"column":5}}]},"9":{"loc":{"start":{"line":100,"column":4},"end":{"line":104,"column":5}},"type":"if","locations":[{"start":{"line":100,"column":4},"end":{"line":104,"column":5}}]},"10":{"loc":{"start":{"line":100,"column":8},"end":{"line":100,"column":175}},"type":"binary-expr","locations":[{"start":{"line":100,"column":8},"end":{"line":100,"column":35}},{"start":{"line":100,"column":40},"end":{"line":100,"column":68}},{"start":{"line":100,"column":72},"end":{"line":100,"column":100}},{"start":{"line":100,"column":104},"end":{"line":100,"column":137}},{"start":{"line":100,"column":141},"end":{"line":100,"column":174}}]},"11":{"loc":{"start":{"line":106,"column":4},"end":{"line":108,"column":5}},"type":"if","locations":[{"start":{"line":106,"column":4},"end":{"line":108,"column":5}}]},"12":{"loc":{"start":{"line":106,"column":8},"end":{"line":106,"column":142}},"type":"binary-expr","locations":[{"start":{"line":106,"column":8},"end":{"line":106,"column":36}},{"start":{"line":106,"column":40},"end":{"line":106,"column":68}},{"start":{"line":106,"column":72},"end":{"line":106,"column":105}},{"start":{"line":106,"column":109},"end":{"line":106,"column":142}}]},"13":{"loc":{"start":{"line":111,"column":4},"end":{"line":116,"column":5}},"type":"if","locations":[{"start":{"line":111,"column":4},"end":{"line":116,"column":5}}]},"14":{"loc":{"start":{"line":111,"column":8},"end":{"line":111,"column":54}},"type":"binary-expr","locations":[{"start":{"line":111,"column":8},"end":{"line":111,"column":29}},{"start":{"line":111
[...]
line":562,"column":0},"end":{"line":562,"column":16}}},"fnMap":{"0":{"name":"addImageAsBackground","decl":{"start":{"line":20,"column":22},"end":{"line":20,"column":42}},"loc":{"start":{"line":23,"column":18},"end":{"line":29,"column":1}}},"1":{"name":"saveCanvasImage","decl":{"start":{"line":38,"column":22},"end":{"line":38,"column":37}},"loc":{"start":{"line":40,"column":25},"end":{"line":54,"column":1}}},"2":{"name":"(anonymous_3)","decl":{"start":{"line":42,"column":21},"end":{"line":42,"column":22}},"loc":{"start":{"line":42,"column":41},"end":{"line":53,"column":3}}},"3":{"name":"(anonymous_4)","decl":{"start":{"line":46,"column":30},"end":{"line":46,"column":33}},"loc":{"start":{"line":46,"column":35},"end":{"line":49,"column":5}}},"4":{"name":"(anonymous_5)","decl":{"start":{"line":50,"column":29},"end":{"line":50,"column":30}},"loc":{"start":{"line":50,"column":37},"end":{"line":52,"column":5}}},"5":{"name":"loadCustomFont","decl":{"start":{"line":70,"column":16},"end":{"line":70,"column":30}},"loc":{"start":{"line":72,"column":16},"end":{"line":78,"column":1}}},"6":{"name":"addSquareWithGoals","decl":{"start":{"line":99,"column":16},"end":{"line":99,"column":34}},"loc":{"start":{"line":101,"column":35},"end":{"line":138,"column":1}}},"7":{"name":"addText","decl":{"start":{"line":157,"column":16},"end":{"line":157,"column":23}},"loc":{"start":{"line":159,"column":22},"end":{"line":166,"column":1}}},"8":{"name":"addRotatedText","decl":{"start":{"line":204,"column":16},"end":{"line":204,"column":30}},"loc":{"start":{"line":206,"column":29},"end":{"line":217,"column":1}}},"9":{"name":"addTeamLogo","decl":{"start":{"line":236,"column":22},"end":{"line":236,"column":33}},"loc":{"start":{"line":238,"column":26},"end":{"line":251,"column":1}}},"10":{"name":"getTeamColor","decl":{"start":{"line":358,"column":16},"end":{"line":358,"column":28}},"loc":{"start":{"line":358,"column":45},"end":{"line":376,"column":1}}},"11":{"name":"(anonymous_12)","decl":{"start":{"line":368,"column":4},"end":{"line":368,"column":5}},"loc":{"start":{"line":368,"column":20},"end":{"line":368,"column":55}}},"12":{"name":"getTeamAbbreviation","decl":{"start":{"line":383,"column":16},"end":{"line":383,"column":35}},"loc":{"start":{"line":383,"column":52},"end":{"line":386,"column":1}}},"13":{"name":"getCenterIceLogo","decl":{"start":{"line":393,"column":16},"end":{"line":393,"column":32}},"loc":{"start":{"line":393,"column":49},"end":{"line":399,"column":1}}},"14":{"name":"rgbaToHex","decl":{"start":{"line":406,"column":16},"end":{"line":406,"column":25}},"loc":{"start":{"line":406,"column":38},"end":{"line":416,"column":1}}},"15":{"name":"drawStackedHorizontalBarGraph","decl":{"start":{"line":454,"column":16},"end":{"line":454,"column":45}},"loc":{"start":{"line":456,"column":26},"end":{"line":546,"column":1}}},"16":{"name":"(anonymous_17)","decl":{"start":{"line":493,"column":42},"end":{"line":493,"column":43}},"loc":{"start":{"line":493,"column":60},"end":{"line":493,"column":79}}},"17":{"name":"(anonymous_18)","decl":{"start":{"line":512,"column":53},"end":{"line":512,"column":54}},"loc":{"start":{"line":512,"column":58},"end":{"line":512,"column":84}}},"18":{"name":"(anonymous_19)","decl":{"start":{"line":513,"column":53},"end":{"line":513,"column":54}},"loc":{"start":{"line":513,"column":65},"end":{"line":513,"column":78}}},"19":{"name":"calculatePercentage","decl":{"start":{"line":562,"column":16},"end":{"line":562,"column":35}},"loc":{"start":{"line":562,"column":64},"end":{"line":564,"column":1}}}},"branchMap":{"0":{"loc":{"start":{"line":119,"column":6},"end":{"line":129,"column":7}},"type":"if","locations":[{"start":{"line":119,"column":6},"end":{"line":129,"column":7}},{"start":{"line":127,"column":13},"end":{"line":129,"column":7}}]},"1":{"loc":{"start":{"line":164,"column":18},"end":{"line":164,"column":39}},"type":"binary-expr","locations":[{"start":{"line":164,"column":18},"end":{"line":164,"column":27}},{"start":{"line":164,"column":31},"end":{"line":164,"column":39}}]},"2":{"loc":{"start":{"line":242,"column":37},"end":{"line":242,"column":94}},"type":"binary-expr","locations":[{"start":{"line":242,"column":37},"end":{"line":242,"column":88}},{"start":{"line":242,"column":92},"end":{"line":242,"column":94}}]},"3":{"loc":{"start":{"line":362,"column":2},"end":{"line":364,"column":3}},"type":"if","locations":[{"start":{"line":362,"column":2},"end":{"line":364,"column":3}}]},"4":{"loc":{"start":{"line":370,"column":2},"end":{"line":373,"column":3}},"type":"if","locations":[{"start":{"line":370,"column":2},"end":{"line":373,"column":3}}]},"5":{"loc":{"start":{"line":372,"column":11},"end":{"line":372,"column":87}},"type":"binary-expr","locations":[{"start":{"line":372,"column":11},"end":{"line":372,"column":59}},{"start":{"line":372,"column":63},"end":{"line":372,"column":87}}]},"6":{"loc":{"start":{"line":385,"column":9},"end":{"line":385,"column":83}},"type":"binary-expr","locations":[{"start":{"line":385,"column":9},"end":{"line":385,"column":74}},{"start":{"line":385,"column":78},"end":{"line":385,"column":83}}]},"7":{"loc":{"start":{"line":395,"column":23},"end":{"line":395,"column":91}},"type":"binary-expr","locations":[{"start":{"line":395,"column":23},"end":{"line":395,"column":74}},{"start":{"line":395,"column":78},"end":{"line":395,"column":91}}]},"8":{"loc":{"start":{"line":397,"column":50},"end":{"line":397,"column":83}},"type":"binary-expr","locations":[{"start":{"line":397,"column":50},"end":{"line":397,"column":77}},{"start":{"line":397,"column":81},"end":{"line":397,"column":83}}]},"9":{"loc":{"start":{"line":409,"column":2},"end":{"line":409,"column":31}},"type":"if","locations":[{"start":{"line":409,"column":2},"end":{"line":409,"column":31}}]},"10":{"loc":{"start":{"line":464,"column":4},"end":{"line":464,"column":26}},"type":"default-arg","locations":[{"start":{"line":464,"column":17},"end":{"line":464,"column":26}}]},"11":{"loc":{"start":{"line":465,"column":4},"end":{"line":465,"column":19}},"type":"default-arg","locations":[{"start":{"line":465,"column":17},"end":{"line":465,"column":19}}]},"12":{"loc":{"start":{"line":502,"column":6},"end":{"line":507,"column":7}},"type":"if","locations":[{"start":{"line":502,"column":6},"end":{"line":507,"column":7}},{"start":{"line":505,"column":13},"end":{"line":507,"column":7}}]},"13":{"loc":{"start":{"line":511,"column":4},"end":{"line":523,"column":5}},"type":"if","locations":[{"start":{"line":511,"column":4},"end":{"line":523,"column":5}}]},"14":{"loc":{"start":{"line":515,"column":6},"end":{"line":522,"column":7}},"type":"if","locations":[{"start":{"line":515,"column":6},"end":{"line":522,"column":7}}]},"15":{"loc":{"start":{"line":517,"column":10},"end":{"line":520,"column":11}},"type":"if","locations":[{"start":{"line":517,"column":10},"end":{"line":520,"column":11}}]},"16":{"loc":{"start":{"line":563,"column":9},"end":{"line":563,"column":42}},"type":"cond-expr","locations":[{"start":{"line":563,"column":23},"end":{"line":563,"column":26}},{"start":{"line":563,"column":29},"end":{"line":563,"column":42}}]}},"s":{"0":4,"1":4,"2":4,"3":4,"4":6,"5":6,"6":6,"7":6,"8":4,"9":6,"10":6,"11":6,"12":6,"13":6,"14":6,"15":6,"16":6,"17":0,"18":4,"19":12,"20":12,"21":12,"22":12,"23":4,"24":4,"25":4,"26":4,"27":4,"28":4,"29":4,"30":4,"31":4,"32":4,"33":9,"34":9,"35":9,"36":57,"37":57,"38":57,"39":57,"40":2,"41":2,"42":2,"43":55,"44":9,"45":9,"46":4,"47":112,"48":112,"49":112,"50":112,"51":112,"52":4,"53":0,"54":0,"55":0,"56":0,"57":0,"58":0,"59":0,"60":0,"61":0,"62":4,"63":6,"64":6,"65":6,"66":6,"67":6,"68":6,"69":0,"70":4,"71":4,"72":4,"73":4,"74":80,"75":80,"76":28,"77":52,"78":1196,"79":52,"80":28,"81":28,"82":24,"83":4,"84":216,"85":216,"86":4,"87":18,"88":18,"89":18,"90":4,"91":70,"92":70,"93":0,"94":70,"95":70,"96":70,"97":70,"98":4,"99":5,"100":5,"101":5,"102":47,"103":47,"104":47,"105":47,"106":47,"107":47,"108":47,"109":47,"110":47,"111":47,"112":47,"113":47,"114":47,"115":47,"116":47,"117":47,"118":94,"119":47,"120":47,"121":47,"122":47,"123":94,"124":3,"125":3,"126":91,"127":47,"128":3,"129":6,"130":3,"131":3,"132":3,"133":3,"134":6,"135":3,"136":3,"137":47,"138":94,"139":94,"140":94,"141":94,"142":94,"143":47,"144":4,"145":94,"146":4},"f":{"0":6,"1":6,"2":6,"3":6,"4":0,"5":12,"6":4,"7":112,"8":0,"9":6,"10":80,"11":1196,"12":216,"13":18,"14":70,"15":5,"16":94,"17":6,"18":3,"19":94},"b":{"0":[2,55],"1":[112,0],"2":[6,0],"3":[28],"4":[28],"5":[28,0],"6":[216,134],"7":[18,1],"8":[18,0],"9":[0],"10":[0],"11":[0],"12":[3,91],"13":[3],"14":[3],"15":[3],"16":[0,94]}}
,"/app/src/social/file:/app/src/social/utils.ts": {"path":"/app/src/social/file:/app/src/social/utils.ts","statementMap":{"0":{"start":{"line":1,"column":0},"end":{"line":1,"column":36}},"1":{"start":{"line":3,"column":0},"end":{"line":3,"column":35}},"2":{"start":{"line":4,"column":0},"end":{"line":4,"column":20}},"3":{"start":{"line":5,"column":0},"end":{"line":5,"column":35}},"4":{"start":{"line":6,"column":0},"end":{"line":6,"column":50}},"5":{"start":{"line":9,"column":0},"end":{"line":9,"column":38}},"6":{"start":{"line":17,"column":24},"end":{"line":17,"column":68}},"7":{"start":{"line":20,"column":2},"end":{"line":26,"column":44}},"8":{"start":{"line":16,"column":0},"end":{"line":16,"column":16}},"9":{"start":{"line":35,"column":19},"end":{"line":35,"column":35}},"10":{"start":{"line":36,"column":2},"end":{"line":36,"column":71}},"11":{"start":{"line":34,"column":0},"end":{"line":34,"column":16}},"12":{"start":{"line":46,"column":2},"end":{"line":48,"column":3}},"13":{"start":{"line":47,"column":4},"end":{"line":47,"column":54}},"14":{"start":{"line":50,"column":18},"end":{"line":50,"column":66}},"15":{"start":{"line":53,"column":2},"end":{"line":55,"column":3}},"16":{"start":{"line":54,"column":4},"end":{"line":54,"column":27}},"17":{"start":{"line":57,"column":2},"end":{"line":89,"column":5}},"18":{"start":{"line":58,"column":4},"end":{"line":88,"column":13}},"19":{"start":{"line":69,"column":8},"end":{"line":69,"column":71}},"20":{"start":{"line":72,"column":8},"end":{"line":74,"column":9}},"21":{"start":{"line":73,"column":10},"end":{"line":73,"column":80}},"22":{"start":{"line":77,"column":8},"end":{"line":80,"column":9}},"23":{"start":{"line":78,"column":10},"end":{"line":78,"column":69}},"24":{"start":{"line":79,"column":10},"end":{"line":79,"column":17}},"25":{"start":{"line":81,"column":8},"end":{"line":81,"column":69}},"26":{"start":{"line":82,"column":8},"end":{"line":82,"column":25}},"27":{"start":{"line":85,"column":8},"end":{"line":85,"column":70}},"28":{"start":{"line":86,"column":8},"end":{"line":86,"column":76}},"29":{"start":{"line":45,"column":0},"end":{"line":45,"column":7}},"30":{"start":{"line":108,"column":2},"end":{"line":124,"column":3}},"31":{"start":{"line":109,"column":4},"end":{"line":109,"column":29}},"32":{"start":{"line":111,"column":4},"end":{"line":113,"column":5}},"33":{"start":{"line":112,"column":6},"end":{"line":112,"column":62}},"34":{"start":{"line":114,"column":4},"end":{"line":114,"column":54}},"35":{"start":{"line":117,"column":4},"end":{"line":123,"column":5}},"36":{"start":{"line":118,"column":6},"end":{"line":118,"column":65}},"37":{"start":{"line":118,"column":37},"end":{"line":118,"column":63}},"38":{"start":{"line":119,"column":6},"end":{"line":119,"column":77}},"39":{"start":{"line":121,"column":6},"end":{"line":121,"column":68}},"40":{"start":{"line":122,"column":6},"end":{"line":122,"column":18}},"41":{"start":{"line":101,"column":0},"end":{"line":101,"column":7}},"42":{"start":{"line":139,"column":22},"end":{"line":139,"column":69}},"43":{"start":{"line":140,"column":22},"end":{"line":140,"column":69}},"44":{"start":{"line":142,"column":17},"end":{"line":142,"column":49}},"45":{"start":{"line":143,"column":22},"end":{"line":143,"column":109}},"46":{"start":{"line":145,"column":2},"end":{"line":149,"column":3}},"47":{"start":{"line":146,"column":4},"end":{"line":146,"column":62}},"48":{"start":{"line":148,"column":4},"end":{"line":148,"column":63}},"49":{"start":{"line":134,"column":0},"end":{"line":134,"column":16}},"50":{"start":{"line":158,"column":13},"end":{"line":158,"column":26}},"51":{"start":{"line":159,"column":2},"end":{"line":166,"column":5}},"52":{"start":{"line":160,"column":4},"end":{"line":165,"column":5}},"53":{"start":{"line":161,"column":6},"end":{"line":161,"column":38}},"54":{"start":{"line":163,"column":6},"end":{"line":163,"column":62}},"55":{"start":{"line":164,"column":6},"end":{"line":164,"column":19}},"56":{"start":{"line":157,"column":0},"end":{"line":157,"column":16}},"57":{"start":{"line":175,"column":25},"end":{"line":208,"column":4}},"58":{"start":{"line":210,"column":2},"end":{"line":210,"column":61}},"59":{"start":{"line":174,"column":0},"end":{"line":174,"column":16}}},"fnMap":{"0":{"name":"shouldRetry","decl":{"start":{"line":16,"column":16},"end":{"line":16,"column":27}},"loc":{"start":{"line":16,"column":42},"end":{"line":27,"column":1}}},"1":{"name":"getMimeType","decl":{"start":{"line":34,"column":16},"end":{"line":34,"column":27}},"loc":{"start":{"line":34,"column":44},"end":{"line":37,"column":1}}},"2":{"name":"convertGifToMp4","decl":{"start":{"line":45,"column":22},"end":{"line":45,"column":37}},"loc":{"start":{"line":45,"column":74},"end":{"line":90,"column":1}}},"3":{"name":"(anonymous_4)","decl":{"start":{"line":57,"column":21},"end":{"line":57,"column":22}},"loc":{"start":{"line":57,"column":41},"end":{"line":89,"column":3}}},"4":{"name":"(anonymous_5)","decl":{"start":{"line":68,"column":19},"end":{"line":68,"column":20}},"loc":{"start":{"line":68,"column":35},"end":{"line":70,"column":7}}},"5":{"name":"(anonymous_6)","decl":{"start":{"line":71,"column":22},"end":{"line":71,"column":23}},"loc":{"start":{"line":71,"column":35},"end":{"line":75,"column":7}}},"6":{"name":"(anonymous_7)","decl":{"start":{"line":76,"column":17},"end":{"line":76,"column":20}},"loc":{"start":{"line":76,"column":22},"end":{"line":83,"column":7}}},"7":{"name":"(anonymous_8)","decl":{"start":{"line":84,"column":19},"end":{"line":84,"column":20}},"loc":{"start":{"line":84,"column":29},"end":{"line":87,"column":7}}},"8":{"name":"retryOperation","decl":{"start":{"line":101,"column":22},"end":{"line":101,"column":36}},"loc":{"start":{"line":106,"column":18},"end":{"line":125,"column":1}}},"9":{"name":"(anonymous_10)","decl":{"start":{"line":118,"column":24},"end":{"line":118,"column":25}},"loc":{"start":{"line":118,"column":37},"end":{"line":118,"column":63}}},"10":{"name":"generateGameHashtags","decl":{"start":{"line":134,"column":16},"end":{"line":134,"column":36}},"loc":{"start":{"line":137,"column":55},"end":{"line":150,"column":1}}},"11":{"name":"validateMediaPaths","decl":{"start":{"line":157,"column":16},"end":{"line":157,"column":34}},"loc":{"start":{"line":157,"column":50},"end":{"line":167,"column":1}}},"12":{"name":"(anonymous_13)","decl":{"start":{"line":159,"column":22},"end":{"line":159,"column":31}},"loc":{"start":{"line":159,"column":34},"end":{"line":166,"column":3}}},"13":{"name":"teamHashtag","decl":{"start":{"line":174,"column":16},"end":{"line":174,"column":27}},"loc":{"start":{"line":174,"column":40},"end":{"line":211,"column":1}}}},"branchMap":{"0":{"loc":{"start":{"line":17,"column":24},"end":{"line":17,"column":68}},"type":"binary-expr","locations":[{"start":{"line":17,"column":24},"end":{"line":17,"column":62}},{"start":{"line":17,"column":66},"end":{"line":17,"column":68}}]},"1":{"loc":{"start":{"line":20,"column":9},"end":{"line":26,"column":43}},"type":"binary-expr","locations":[{"start":{"line":20,"column":9},"end":{"line":20,"column":41}},{"start":{"line":21,"column":9},"end":{"line":21,"column":41}},{"start":{"line":22,"column":9},"end":{"line":22,"column":44}},{"start":{"line":23,"column":9},"end":{"line":23,"column":37}},{"start":{"line":24,"column":9},"end":{"line":24,"column":37}},{"start":{"line":25,"column":9},"end":{"line":25,"column":37}},{"start":{"line":26,"column":9},"end":{"line":26,"column":43}}]},"2":{"loc":{"start":{"line":36,"column":9},"end":{"line":36,"column":70}},"type":"binary-expr","locations":[{"start":{"line":36,"column":10},"end":{"line":36,"column":56}},{"start":{"line":36,"column":61},"end":{"line":36,"column":70}}]},"3":{"loc":{"start":{"line":36,"column":10},"end":{"line":36,"column":56}},"type":"cond-expr","locations":[{"start":{"line":36,"column":41},"end":{"line":36,"column":49}},{"start":{"line":36,"column":52},"end":{"line":36,"column":56}}]},"4":{"loc":{"start":{"line":46,"column":2},"end":{"line":48,"column":3}},"type":"if","locations":[{"start":{"line":46,"column":2},"end":{"line":48,"column":3}}]},"5":{"loc":{"start":{"line":50,"column":18},"end":{"line":50,"column":66}},"type":"binary-expr","locations":[{"start":{"line":50,"column":18},"end":{"line":50,"column":28}},{"start":{"line":50,"column":32},"end":{"line":50,"column":66}}]},"6":{"loc":{"start":{"line":53,"column":2},"end":{"line":55,"column":3}},"type":"if","locations":[{"start":{"line":53,"column":2},"end":{"line":55,"column":3}}]},"7":{"loc":{"start":{"line":72,"column":8},"end":{"line":74,"column":9}},"type":"if","locations":[{"start":{"line":72,"column":8},"end":{"line":74,"column":9}}]},"8":{"loc":{"start":{"line":77,"column":8},"end":{"line":80,"column":9}},"type":"if","locations":[{"start":{"line":77,"column":8},"end":{"line":80,"column":9}}]},"9":{"loc":{"start":{"line":103,"column":2},"end":{"line":103,"column":21}},"type":"default-arg","locations":[{"start":{"line":103,"column":20},"end":{"line":103,"column":21}}]},"10":{"loc":{"start":{"line":104,"column":2},"end":{"line":104,"column":22}},"type":"default-arg","locations":[{"start":{"line":104,"column":18},"end":{"line":104,"column":22}}]},"11":{"loc":{"start":{"line":111,"column":4},"end":{"line":113,"column":5}},"type":"if","locations":[{"start":{"line":111,"column":4},"end":{"line":113,"column":5}}]},"12":{"loc":{"start":{"line":117,"column":4},"end":{"line":123,"column":5}},"type":"if","locations":[{"start":{"line":117,"column":4},"end":{"line":123,"column":5}},{"start":{"line":120,"column":11},"end":{"line":123,"column":5}}]},"13":{"loc":{"start":{"line":117,"column":8},"end":{"line":117,"column":41}},"type":"binary-expr","locations":[{"start":{"line":117,"column":8},"end":{"line":117,"column":19}},{"start":{"line":117,"column":23},"end":{"line":117,"column":41}}]},"14":{"loc":{"start":{"line":137,"column":2},"end":{"line":137,"column":55}},"type":"default-arg","locations":[{"start":{"line":137,"column":46},"end":{"line":137,"column":55}}]},"15":{"loc":{"start":{"line":142,"column":17},"end":{"line":142,"column":49}},"type":"cond-expr","locations":[{"start":{"line":142,"column":40},"end":{"line":142,"column":43}},{"start":{"line":142,"column":46},"end":{"line":142,"column":49}}]},"16":{"loc":{"start":{"line":145,"column":2},"end":{"line":149,"column":3}},"type":"if","locations":[{"start":{"line":145,"column":2},"end":{"line":149,"column":3}},{"start":{"line":147,"column":9},"end":{"line":149,"column":3}}]},"17":{"loc":{"start":{"line":145,"column":6},"end":{"line":145,"column":50}},"type":"binary-expr","locations":[{"start":{"line":145,"column":6},"end":{"line":145,"column":26}},{"start":{"line":145,"column":30},"end":{"line":145,"column":50}}]}},"s":{"0":1,"1":1,"2":1,"3":1,"4":1,"5":1,"6":7,"7":7,"8":1,"9":3,"10":3,"11":1,"12":0,"13":0,"14":0,"15":0,"16":0,"17":0,"18":0,"19":0,"20":0,"21":0,"22":0,"23":0,"24":0,"25":0,"26":0,"27":0,"28":0,"29":1,"30":3,"31":3,"32":2,"33":1,"34":2,"35":2,"36":1,"37":1,"38":1,"39":1,"40":1,"41":1,"42":2,"43":2,"44":2,"45":2,"46":2,"47":1,"48":1,"49":1,"50":1,"51":1,"52":2,"53":2,"54":0,"55":0,"56":1,"57":2,"58":2,"59":1},"f":{"0":7,"1":3,"2":0,"3":0,"4":0,"5":0,"6":0,"7":0,"8":3,"9":1,"10":2,"11":1,"12":2,"13":2},"b":{"0":[7,1],"1":[7,5,4,3,3,3,3],"2":[3,1],"3":[2,1],"4":[0],"5":[0,0],"6":[0],"7":[0],"8":[0],"9":[0],"10":[0],"11":[1],"12":[1,1],"13":[2,2],"14":[1],"15":[1,1],"16":[1,1],"17":[2,1]}}
}
