TN:
SF:src/api/file:/app/src/api/nhl.ts
FN:20,getCurrentSeasonId
FN:34,fetchTeamSummaries
FN:42,(anonymous_3)
FN:82,fetchGameLanding
FN:100,fetchBoxscore
FN:118,fetchPlayByPlay
FN:136,fetchNHLScores
FN:152,fetchGameCenterRightRail
FNF:8
FNH:8
FNDA:3,getCurrentSeasonId
FNDA:3,fetchTeamSummaries
FNDA:3,(anonymous_3)
FNDA:2,fetchGameLanding
FNDA:1,fetchBoxscore
FNDA:2,fetchPlayByPlay
FNDA:1,fetchNHLScores
FNDA:1,fetchGameCenterRightRail
DA:1,2
DA:11,2
DA:13,2
DA:21,3
DA:22,3
DA:23,3
DA:24,3
DA:25,3
DA:26,3
DA:34,2
DA:35,3
DA:36,3
DA:37,3
DA:38,3
DA:39,2
DA:42,2
DA:43,3
DA:44,3
DA:45,3
DA:46,2
DA:49,2
DA:51,1
DA:52,1
DA:53,1
DA:54,1
DA:55,1
DA:56,1
DA:57,1
DA:58,1
DA:59,1
DA:60,0
DA:62,1
DA:65,0
DA:69,2
DA:71,1
DA:72,1
DA:82,2
DA:83,2
DA:84,2
DA:87,1
DA:89,1
DA:90,1
DA:100,2
DA:101,1
DA:102,1
DA:105,1
DA:107,0
DA:108,0
DA:118,2
DA:119,2
DA:120,2
DA:123,1
DA:125,1
DA:126,1
DA:136,2
DA:137,1
DA:138,1
DA:139,1
DA:141,0
DA:142,0
DA:152,2
DA:153,1
DA:154,1
DA:157,1
DA:159,0
DA:160,0
LF:66
LH:58
BRDA:24,0,0,3
BRDA:24,0,1,0
BRDA:43,1,0,0
BRDA:44,2,0,0
BRDA:44,3,0,3
BRDA:44,3,1,0
BRDA:45,4,0,1
BRDA:45,5,0,3
BRDA:45,5,1,3
BRDA:49,6,0,1
BRDA:59,7,0,0
BRDA:59,7,1,1
BRF:12
BRH:7
end_of_record
TN:
SF:src/api/file:/app/src/api/scoutingTheRefs.ts
FN:40,isToday
FN:57,calculateTotalGames
FN:70,extractOfficialData
FN:80,(anonymous_4)
FN:83,(anonymous_5)
FN:88,(anonymous_6)
FN:91,(anonymous_7)
FN:120,fetchPostsData
FN:138,findRelevantPost
FN:141,(anonymous_10)
FN:154,fetchGameDetails
FN:175,(anonymous_12)
FN:186,(anonymous_13)
FN:189,(anonymous_14)
FNF:14
FNH:14
FNDA:1,isToday
FNDA:4,calculateTotalGames
FNDA:2,extractOfficialData
FNDA:18,(anonymous_4)
FNDA:18,(anonymous_5)
FNDA:14,(anonymous_6)
FNDA:4,(anonymous_7)
FNDA:3,fetchPostsData
FNDA:3,findRelevantPost
FNDA:1,(anonymous_10)
FNDA:3,fetchGameDetails
FNDA:1,(anonymous_12)
FNDA:14,(anonymous_13)
FNDA:14,(anonymous_14)
DA:1,1
DA:2,1
DA:3,1
DA:31,1
DA:32,1
DA:40,1
DA:41,1
DA:42,1
DA:43,1
DA:57,1
DA:58,4
DA:59,4
DA:60,4
DA:70,1
DA:75,2
DA:76,2
DA:77,2
DA:78,2
DA:80,18
DA:81,2
DA:83,18
DA:84,2
DA:88,14
DA:91,2
DA:92,4
DA:93,4
DA:95,4
DA:96,4
DA:97,4
DA:104,4
DA:113,2
DA:120,1
DA:121,3
DA:122,3
DA:123,2
DA:125,1
DA:126,1
DA:138,1
DA:139,3
DA:142,1
DA:154,1
DA:157,3
DA:163,3
DA:164,3
DA:165,3
DA:168,3
DA:169,2
DA:170,2
DA:173,1
DA:174,1
DA:175,1
DA:179,1
DA:180,0
DA:181,0
DA:184,1
DA:186,14
DA:187,1
DA:189,14
DA:191,1
DA:192,0
DA:193,0
DA:196,1
DA:202,1
DA:204,0
DA:208,0
LF:65
LH:59
BRDA:44,0,0,1
BRDA:44,0,1,1
BRDA:44,0,2,1
BRDA:58,1,0,4
BRDA:58,1,1,0
BRDA:59,2,0,4
BRDA:59,2,1,0
BRDA:73,3,0,0
BRDA:84,4,0,1
BRDA:84,4,1,1
BRDA:93,5,0,0
BRDA:97,6,0,2
BRDA:97,6,1,2
BRDA:98,7,0,2
BRDA:98,7,1,0
BRDA:125,8,0,1
BRDA:125,8,1,0
BRDA:140,9,0,3
BRDA:140,9,1,2
BRDA:142,10,0,1
BRDA:142,10,1,1
BRDA:142,10,2,0
BRDA:142,10,3,0
BRDA:168,11,0,2
BRDA:179,12,0,0
BRDA:191,13,0,0
BRDA:191,14,0,1
BRDA:191,14,1,1
BRDA:206,15,0,0
BRDA:206,15,1,0
BRF:30
BRH:18
end_of_record
TN:
SF:src/api/file:/app/src/api/utils.ts
FN:6,nstAbbreviation
FNF:1
FNH:1
FNDA:3,nstAbbreviation
DA:6,1
DA:7,3
DA:8,3
DA:42,3
LF:4
LH:4
BRF:0
BRH:0
end_of_record
TN:
SF:src/file:/app/src/utils.ts
FN:15,setDateOverride
FN:23,getDateOverride
FN:33,ordinalSuffixOf
FN:54,getCurrentDateLocalTime
FN:69,goalEmojis
FN:83,thumbsDownEmojis
FN:97,starEmojis
FN:111,convertdescKeyToWords
FN:121,convertUTCToLocalTime
FN:134,getLastName
FN:151,groupedList
FN:154,(anonymous_12)
FN:167,splitArray
FN:181,sleep
FN:182,(anonymous_15)
FN:192,formatPeriodLabel
FN:208,formatPeriodTime
FN:226,transformGameLandingToLineScores
FN:234,(anonymous_19)
FN:235,(anonymous_20)
FN:241,(anonymous_21)
FN:261,getGoalType
FNF:22
FNH:20
FNDA:0,setDateOverride
FNDA:0,getDateOverride
FNDA:8,ordinalSuffixOf
FNDA:1,getCurrentDateLocalTime
FNDA:1,goalEmojis
FNDA:1,thumbsDownEmojis
FNDA:1,starEmojis
FNDA:1,convertdescKeyToWords
FNDA:1,convertUTCToLocalTime
FNDA:3,getLastName
FNDA:1,groupedList
FNDA:2,(anonymous_12)
FNDA:2,splitArray
FNDA:1,sleep
FNDA:1,(anonymous_15)
FNDA:10,formatPeriodLabel
FNDA:4,formatPeriodTime
FNDA:1,transformGameLandingToLineScores
FNDA:2,(anonymous_19)
FNDA:2,(anonymous_20)
FNDA:1,(anonymous_21)
FNDA:2,getGoalType
DA:1,1
DA:9,1
DA:15,1
DA:16,0
DA:23,1
DA:24,0
DA:33,1
DA:34,8
DA:35,8
DA:36,8
DA:37,2
DA:39,6
DA:40,1
DA:42,5
DA:43,1
DA:45,4
DA:54,1
DA:56,1
DA:57,0
DA:60,1
DA:69,1
DA:70,1
DA:71,1
DA:72,3
DA:74,1
DA:83,1
DA:84,1
DA:85,1
DA:86,2
DA:88,1
DA:97,1
DA:98,1
DA:99,1
DA:100,0
DA:102,1
DA:111,1
DA:112,1
DA:121,1
DA:125,1
DA:134,1
DA:136,3
DA:139,3
DA:141,3
DA:151,1
DA:152,1
DA:153,1
DA:154,1
DA:155,2
DA:157,1
DA:167,1
DA:168,2
DA:169,2
DA:170,5
DA:172,2
DA:181,1
DA:182,1
DA:183,1
DA:192,1
DA:193,10
DA:194,7
DA:195,6
DA:196,5
DA:197,3
DA:198,2
DA:208,1
DA:209,4
DA:210,4
DA:212,2
DA:213,2
DA:214,2
DA:216,4
DA:226,1
DA:231,1
DA:232,1
DA:234,1
DA:235,2
DA:236,2
DA:241,1
DA:245,2
DA:246,1
DA:248,1
DA:253,1
DA:262,2
DA:264,0
DA:266,1
DA:268,0
DA:270,1
LF:87
LH:81
BRDA:36,0,0,2
BRDA:36,1,0,8
BRDA:36,1,1,3
BRDA:39,2,0,1
BRDA:39,3,0,6
BRDA:39,3,1,2
BRDA:42,4,0,1
BRDA:42,5,0,5
BRDA:42,5,1,2
BRDA:56,6,0,0
BRDA:193,7,0,3
BRDA:194,8,0,1
BRDA:195,9,0,1
BRDA:196,10,0,2
BRDA:197,11,0,1
BRDA:197,12,0,3
BRDA:197,12,1,1
BRDA:210,13,0,2
BRDA:245,14,0,1
BRDA:245,14,1,1
BRDA:262,15,0,0
BRDA:262,15,1,1
BRDA:262,15,2,0
BRDA:262,15,3,1
BRF:24
BRH:21
end_of_record
TN:
SF:src/graphic/edgeGoalVisualizer/file:/app/src/graphic/edgeGoalVisualizer/createRink.ts
FN:27,createRink
FN:124,createRinkToFile
FNF:2
FNH:2
FNDA:18,createRink
FNDA:4,createRinkToFile
DA:1,2
DA:2,2
DA:3,2
DA:27,2
DA:28,18
DA:31,18
DA:32,18
DA:33,18
DA:34,18
DA:35,18
DA:38,18
DA:39,18
DA:42,18
DA:49,18
DA:57,18
DA:63,18
DA:70,18
DA:76,18
DA:84,18
DA:86,18
DA:87,18
DA:88,18
DA:89,17
DA:90,17
DA:91,17
DA:92,17
DA:95,1
DA:99,18
DA:105,18
DA:111,18
DA:116,18
DA:124,2
DA:125,4
DA:126,4
LF:34
LH:34
BRDA:91,0,0,0
BRDA:91,0,1,17
BRF:2
BRH:1
end_of_record
TN:
SF:src/graphic/edgeGoalVisualizer/file:/app/src/graphic/edgeGoalVisualizer/renderTrackingFrame.ts
FN:47,renderTrackingFrame
FN:159,renderTrackingFrameToFile
FNF:2
FNH:2
FNDA:6,renderTrackingFrame
FNDA:2,renderTrackingFrameToFile
DA:1,1
DA:2,1
DA:3,1
DA:47,1
DA:57,6
DA:60,6
DA:63,6
DA:64,6
DA:67,6
DA:68,6
DA:70,6
DA:72,66
DA:74,66
DA:76,6
DA:84,60
DA:85,60
DA:86,60
DA:88,60
DA:89,60
DA:90,60
DA:92,60
DA:99,60
DA:102,60
DA:105,60
DA:106,2
DA:110,60
DA:112,30
DA:115,30
DA:119,60
DA:120,60
DA:121,60
DA:126,60
DA:127,60
DA:133,6
DA:134,6
DA:135,6
DA:138,6
DA:143,6
DA:149,6
DA:159,1
DA:165,2
DA:166,2
LF:42
LH:42
BRDA:50,0,0,3
BRDA:54,1,0,6
BRDA:55,2,0,6
BRDA:56,3,0,6
BRDA:72,4,0,66
BRDA:72,4,1,60
BRDA:72,4,2,60
BRDA:74,5,0,6
BRDA:74,5,1,60
BRDA:92,6,0,0
BRDA:92,6,1,60
BRDA:94,7,0,0
BRDA:94,7,1,60
BRDA:105,8,0,2
BRDA:110,9,0,30
BRDA:110,9,1,30
BRDA:119,10,0,60
BRDA:119,11,0,60
BRDA:119,11,1,60
BRDA:120,12,0,30
BRDA:120,12,1,30
BRDA:135,13,0,6
BRDA:163,14,0,1
BRF:23
BRH:21
end_of_record
TN:
SF:src/graphic/file:/app/src/graphic/game.ts
FN:51,createGameImage
FNF:1
FNH:1
FNDA:1,createGameImage
DA:1,1
DA:2,1
DA:3,1
DA:51,1
DA:52,1
DA:54,1
DA:62,1
DA:70,1
DA:72,1
DA:78,1
DA:87,1
DA:88,1
DA:89,1
DA:91,1
DA:208,1
DA:209,1
LF:16
LH:16
BRF:0
BRH:0
end_of_record
TN:
SF:src/graphic/file:/app/src/graphic/intermission.ts
FN:75,intermission
FN:297,(anonymous_2)
FN:314,(anonymous_3)
FNF:3
FNH:3
FNDA:1,intermission
FNDA:2,(anonymous_2)
FNDA:1,(anonymous_3)
DA:1,1
DA:2,1
DA:3,1
DA:75,1
DA:78,1
DA:80,1
DA:88,1
DA:95,1
DA:97,1
DA:103,1
DA:112,1
DA:113,1
DA:114,1
DA:116,1
DA:249,1
DA:251,1
DA:252,1
DA:254,1
DA:255,1
DA:257,1
DA:265,1
DA:274,1
DA:282,1
DA:291,1
DA:298,2
DA:299,2
DA:301,0
DA:308,1
DA:315,1
DA:316,1
DA:318,0
DA:325,1
LF:32
LH:30
BRDA:113,0,0,1
BRDA:113,0,1,0
BRDA:114,1,0,1
BRDA:114,1,1,0
BRDA:298,2,0,2
BRDA:298,2,1,0
BRDA:315,3,0,1
BRDA:315,3,1,0
BRF:8
BRH:4
end_of_record
TN:
SF:src/graphic/file:/app/src/graphic/liveAdvancedGameStats.ts
FN:27,metricLabel
FN:31,createLiveAdvancedGameStatsImage
FN:77,(anonymous_3)
FNF:3
FNH:3
FNDA:48,metricLabel
FNDA:2,createLiveAdvancedGameStatsImage
FNDA:24,(anonymous_3)
DA:1,1
DA:2,1
DA:3,1
DA:28,48
DA:31,1
DA:34,2
DA:36,2
DA:44,2
DA:52,2
DA:54,2
DA:60,2
DA:71,2
DA:72,2
DA:73,2
DA:74,2
DA:75,2
DA:77,2
DA:82,24
DA:98,2
DA:121,2
DA:122,2
LF:21
LH:21
BRDA:27,0,0,0
BRDA:81,1,0,20
BRF:2
BRH:1
end_of_record
TN:
SF:src/graphic/file:/app/src/graphic/postGame.ts
FN:75,postGame
FN:296,(anonymous_2)
FN:313,(anonymous_3)
FNF:3
FNH:3
FNDA:1,postGame
FNDA:4,(anonymous_2)
FNDA:2,(anonymous_3)
DA:1,1
DA:2,1
DA:3,1
DA:75,1
DA:78,1
DA:80,1
DA:88,1
DA:96,1
DA:97,1
DA:103,1
DA:112,1
DA:113,1
DA:114,1
DA:116,1
DA:249,1
DA:251,1
DA:252,1
DA:253,1
DA:254,1
DA:256,1
DA:264,1
DA:273,1
DA:281,1
DA:290,1
DA:297,4
DA:298,3
DA:300,1
DA:307,1
DA:314,2
DA:315,2
DA:317,0
DA:324,1
LF:32
LH:31
BRDA:113,0,0,1
BRDA:113,0,1,0
BRDA:114,1,0,1
BRDA:114,1,1,0
BRDA:297,2,0,3
BRDA:297,2,1,1
BRDA:314,3,0,2
BRDA:314,3,1,0
BRF:8
BRH:5
end_of_record
TN:
SF:src/graphic/file:/app/src/graphic/preGame.ts
FN:33,preGame
FNF:1
FNH:1
FNDA:1,preGame
DA:1,1
DA:2,1
DA:3,1
DA:33,1
DA:46,1
DA:48,1
DA:50,1
DA:58,1
DA:66,1
DA:68,1
DA:74,1
DA:83,1
DA:84,1
DA:85,1
DA:86,1
DA:88,1
DA:96,1
DA:105,1
DA:114,1
DA:122,1
DA:131,1
DA:140,1
DA:149,1
DA:158,1
DA:167,1
DA:176,1
LF:26
LH:26
BRF:0
BRH:0
end_of_record
TN:
SF:src/graphic/file:/app/src/graphic/shotChart.ts
FN:38,convertCoordinates
FN:75,extractShotEvents
FN:135,(anonymous_9)
FN:167,(anonymous_10)
FN:176,getShotTeam
FN:188,(anonymous_12)
FN:200,getShotType
FN:223,createShotChart
FN:249,(anonymous_15)
FN:257,(anonymous_16)
FN:260,(anonymous_17)
FN:276,(anonymous_18)
FN:299,(anonymous_19)
FN:351,(anonymous_20)
FN:432,createAndSaveShotChart
FNF:15
FNH:12
FNDA:51,convertCoordinates
FNDA:17,extractShotEvents
FNDA:88,(anonymous_9)
FNDA:51,(anonymous_10)
FNDA:20,getShotTeam
FNDA:35,(anonymous_12)
FNDA:51,getShotType
FNDA:13,createShotChart
FNDA:11,(anonymous_15)
FNDA:0,(anonymous_16)
FNDA:0,(anonymous_17)
FNDA:11,(anonymous_18)
FNDA:0,(anonymous_19)
FNDA:33,(anonymous_20)
FNDA:3,createAndSaveShotChart
DA:1,1
DA:2,1
DA:4,1
DA:5,1
DA:6,1
DA:7,1
DA:8,1
DA:46,51
DA:48,51
DA:49,51
DA:51,51
DA:52,0
DA:53,0
DA:57,51
DA:58,0
DA:60,0
DA:61,0
DA:62,0
DA:64,0
DA:65,0
DA:69,51
DA:75,1
DA:79,17
DA:80,17
DA:82,17
DA:84,77
DA:85,0
DA:90,77
DA:95,77
DA:96,16
DA:100,61
DA:101,0
DA:102,0
DA:103,0
DA:106,61
DA:107,1
DA:111,60
DA:113,20
DA:114,20
DA:115,17
DA:120,51
DA:127,51
DA:128,51
DA:129,0
DA:134,51
DA:135,88
DA:136,51
DA:137,51
DA:142,51
DA:143,51
DA:144,51
DA:152,51
DA:163,17
DA:164,0
DA:167,51
DA:168,17
DA:170,17
DA:178,20
DA:179,20
DA:180,0
DA:184,20
DA:187,20
DA:188,35
DA:189,20
DA:190,20
DA:194,0
DA:203,51
DA:205,13
DA:207,13
DA:209,12
DA:211,13
DA:213,0
DA:223,1
DA:228,13
DA:229,13
DA:232,13
DA:235,12
DA:241,12
DA:243,12
DA:244,1
DA:245,1
DA:249,22
DA:250,11
DA:252,11
DA:253,11
DA:254,11
DA:257,11
DA:258,0
DA:260,11
DA:261,0
DA:265,11
DA:266,11
DA:267,11
DA:270,11
DA:271,11
DA:272,11
DA:273,11
DA:276,22
DA:277,11
DA:278,11
DA:279,11
DA:280,11
DA:283,11
DA:286,11
DA:287,1
DA:288,1
DA:296,11
DA:297,11
DA:301,0
DA:302,0
DA:305,0
DA:315,11
DA:316,11
DA:317,0
DA:321,11
DA:323,11
DA:326,11
DA:327,11
DA:328,11
DA:329,11
DA:332,11
DA:333,11
DA:334,11
DA:335,11
DA:336,11
DA:337,11
DA:338,11
DA:339,11
DA:340,11
DA:341,11
DA:342,11
DA:345,11
DA:351,11
DA:353,33
DA:354,33
DA:355,33
DA:356,33
DA:358,11
DA:359,11
DA:360,11
DA:362,11
DA:363,11
DA:364,11
DA:366,11
DA:367,11
DA:368,11
DA:370,33
DA:371,33
DA:372,33
DA:373,33
DA:374,33
DA:375,33
DA:378,33
DA:379,33
DA:380,33
DA:381,33
DA:382,33
DA:383,33
DA:384,33
DA:385,33
DA:386,33
DA:389,11
DA:392,0
DA:396,11
DA:399,11
DA:400,11
DA:401,1
DA:405,11
DA:412,11
DA:415,11
DA:416,11
DA:417,11
DA:418,11
DA:419,11
DA:421,1
DA:422,1
DA:432,1
DA:436,3
DA:437,3
DA:438,3
DA:440,3
DA:442,3
LF:182
LH:158
BRDA:51,0,0,0
BRDA:57,1,0,0
BRDA:58,2,0,0
BRDA:58,2,1,0
BRDA:58,3,0,0
BRDA:58,3,1,0
BRDA:62,4,0,0
BRDA:62,5,0,0
BRDA:62,5,1,0
BRDA:84,6,0,0
BRDA:90,7,0,77
BRDA:90,7,1,61
BRDA:90,7,2,46
BRDA:90,7,3,31
BRDA:95,8,0,16
BRDA:100,9,0,0
BRDA:100,10,0,61
BRDA:100,10,1,15
BRDA:100,10,2,15
BRDA:100,10,3,15
BRDA:100,10,4,15
BRDA:106,11,0,1
BRDA:106,12,0,61
BRDA:106,12,1,60
BRDA:106,12,2,60
BRDA:106,12,3,60
BRDA:111,13,0,20
BRDA:111,14,0,60
BRDA:111,14,1,48
BRDA:114,15,0,3
BRDA:114,16,0,20
BRDA:114,16,1,12
BRDA:115,17,0,6
BRDA:115,18,0,17
BRDA:115,18,1,8
BRDA:120,19,0,13
BRDA:120,19,1,38
BRDA:128,20,0,0
BRDA:129,21,0,0
BRDA:129,21,1,0
BRDA:134,22,0,51
BRDA:136,23,0,51
BRDA:163,24,0,0
BRDA:179,25,0,0
BRDA:180,26,0,0
BRDA:180,26,1,0
BRDA:184,27,0,5
BRDA:184,27,1,15
BRDA:187,28,0,20
BRDA:189,29,0,20
BRDA:190,30,0,15
BRDA:190,30,1,5
BRDA:203,31,0,13
BRDA:203,31,1,13
BRDA:203,31,2,12
BRDA:203,31,3,13
BRDA:203,31,4,0
BRDA:226,32,0,5
BRDA:243,33,0,1
BRDA:270,34,0,11
BRDA:270,34,1,11
BRDA:271,35,0,11
BRDA:271,35,1,11
BRDA:286,36,0,1
BRDA:290,37,0,1
BRDA:290,37,1,1
BRDA:296,38,0,11
BRDA:301,39,0,0
BRDA:305,40,0,0
BRDA:305,40,1,0
BRDA:316,41,0,0
BRDA:321,42,0,11
BRDA:321,42,1,0
BRDA:356,43,0,11
BRDA:356,43,1,11
BRDA:356,43,2,11
BRDA:400,44,0,1
BRDA:434,45,0,2
BRF:78
BRH:54
end_of_record
TN:
SF:src/graphic/file:/app/src/graphic/utils.ts
FN:20,addImageAsBackground
FN:38,saveCanvasImage
FN:42,(anonymous_3)
FN:46,(anonymous_4)
FN:50,(anonymous_5)
FN:70,loadCustomFont
FN:99,addSquareWithGoals
FN:157,addText
FN:204,addRotatedText
FN:236,addTeamLogo
FN:358,getTeamColor
FN:368,(anonymous_12)
FN:383,getTeamAbbreviation
FN:393,getCenterIceLogo
FN:406,rgbaToHex
FN:454,drawStackedHorizontalBarGraph
FN:493,(anonymous_17)
FN:512,(anonymous_18)
FN:513,(anonymous_19)
FN:562,calculatePercentage
FNF:20
FNH:18
FNDA:6,addImageAsBackground
FNDA:6,saveCanvasImage
FNDA:6,(anonymous_3)
FNDA:6,(anonymous_4)
FNDA:0,(anonymous_5)
FNDA:12,loadCustomFont
FNDA:4,addSquareWithGoals
FNDA:112,addText
FNDA:0,addRotatedText
FNDA:6,addTeamLogo
FNDA:80,getTeamColor
FNDA:1196,(anonymous_12)
FNDA:216,getTeamAbbreviation
FNDA:18,getCenterIceLogo
FNDA:70,rgbaToHex
FNDA:5,drawStackedHorizontalBarGraph
FNDA:94,(anonymous_17)
FNDA:6,(anonymous_18)
FNDA:3,(anonymous_19)
FNDA:94,calculatePercentage
DA:1,4
DA:7,4
DA:8,4
DA:9,4
DA:20,4
DA:25,6
DA:26,6
DA:27,6
DA:28,6
DA:38,4
DA:42,6
DA:43,6
DA:44,6
DA:45,6
DA:46,6
DA:47,6
DA:48,6
DA:50,6
DA:51,0
DA:70,4
DA:74,12
DA:75,12
DA:76,12
DA:77,12
DA:99,4
DA:104,4
DA:105,4
DA:106,4
DA:107,4
DA:108,4
DA:109,4
DA:110,4
DA:111,4
DA:112,4
DA:113,9
DA:114,9
DA:115,9
DA:116,57
DA:117,57
DA:118,57
DA:119,57
DA:120,2
DA:125,2
DA:126,2
DA:128,55
DA:131,9
DA:136,9
DA:157,4
DA:161,112
DA:162,112
DA:163,112
DA:164,112
DA:165,112
DA:204,4
DA:208,0
DA:209,0
DA:210,0
DA:211,0
DA:212,0
DA:213,0
DA:214,0
DA:215,0
DA:216,0
DA:236,4
DA:240,6
DA:241,6
DA:242,6
DA:243,6
DA:244,6
DA:245,6
DA:247,0
DA:253,4
DA:288,4
DA:323,4
DA:358,4
DA:359,80
DA:362,80
DA:363,28
DA:367,52
DA:368,1196
DA:370,52
DA:371,28
DA:372,28
DA:375,24
DA:383,4
DA:384,216
DA:385,216
DA:393,4
DA:394,18
DA:395,18
DA:397,18
DA:406,4
DA:408,70
DA:409,70
DA:411,70
DA:412,70
DA:413,70
DA:415,70
DA:454,4
DA:466,5
DA:468,5
DA:470,5
DA:471,47
DA:472,47
DA:475,47
DA:476,47
DA:477,47
DA:478,47
DA:479,47
DA:482,47
DA:483,47
DA:484,47
DA:485,47
DA:486,47
DA:487,47
DA:488,47
DA:490,47
DA:493,94
DA:494,47
DA:497,47
DA:498,47
DA:501,47
DA:502,94
DA:503,3
DA:504,3
DA:506,91
DA:511,47
DA:512,6
DA:513,3
DA:515,3
DA:516,3
DA:517,6
DA:518,3
DA:519,3
DA:525,47
DA:526,94
DA:529,94
DA:530,94
DA:533,94
DA:542,94
DA:544,47
DA:562,4
DA:563,94
LF:143
LH:132
BRDA:119,0,0,2
BRDA:119,0,1,55
BRDA:164,1,0,112
BRDA:164,1,1,0
BRDA:242,2,0,6
BRDA:242,2,1,0
BRDA:362,3,0,28
BRDA:370,4,0,28
BRDA:372,5,0,28
BRDA:372,5,1,0
BRDA:385,6,0,216
BRDA:385,6,1,134
BRDA:395,7,0,18
BRDA:395,7,1,1
BRDA:397,8,0,18
BRDA:397,8,1,0
BRDA:409,9,0,0
BRDA:464,10,0,0
BRDA:465,11,0,0
BRDA:502,12,0,3
BRDA:502,12,1,91
BRDA:511,13,0,3
BRDA:515,14,0,3
BRDA:517,15,0,3
BRDA:563,16,0,0
BRDA:563,16,1,94
BRF:26
BRH:18
end_of_record
TN:
SF:src/social/file:/app/src/social/utils.ts
FN:16,shouldRetry
FN:34,getMimeType
FN:45,convertGifToMp4
FN:57,(anonymous_4)
FN:68,(anonymous_5)
FN:71,(anonymous_6)
FN:76,(anonymous_7)
FN:84,(anonymous_8)
FN:101,retryOperation
FN:118,(anonymous_10)
FN:134,generateGameHashtags
FN:157,validateMediaPaths
FN:159,(anonymous_13)
FN:174,teamHashtag
FNF:14
FNH:8
FNDA:7,shouldRetry
FNDA:3,getMimeType
FNDA:0,convertGifToMp4
FNDA:0,(anonymous_4)
FNDA:0,(anonymous_5)
FNDA:0,(anonymous_6)
FNDA:0,(anonymous_7)
FNDA:0,(anonymous_8)
FNDA:3,retryOperation
FNDA:1,(anonymous_10)
FNDA:2,generateGameHashtags
FNDA:1,validateMediaPaths
FNDA:2,(anonymous_13)
FNDA:2,teamHashtag
DA:1,1
DA:3,1
DA:4,1
DA:5,1
DA:6,1
DA:9,1
DA:16,1
DA:17,7
DA:20,7
DA:34,1
DA:35,3
DA:36,3
DA:45,1
DA:46,0
DA:47,0
DA:50,0
DA:53,0
DA:54,0
DA:57,0
DA:58,0
DA:69,0
DA:72,0
DA:73,0
DA:77,0
DA:78,0
DA:79,0
DA:81,0
DA:82,0
DA:85,0
DA:86,0
DA:101,1
DA:108,3
DA:109,3
DA:111,2
DA:112,1
DA:114,2
DA:117,2
DA:118,1
DA:119,1
DA:121,1
DA:122,1
DA:134,1
DA:139,2
DA:140,2
DA:142,2
DA:143,2
DA:145,2
DA:146,1
DA:148,1
DA:157,1
DA:158,1
DA:159,1
DA:160,2
DA:161,2
DA:163,0
DA:164,0
DA:174,1
DA:175,2
DA:210,2
LF:59
LH:40
BRDA:17,0,0,7
BRDA:17,0,1,1
BRDA:20,1,0,7
BRDA:20,1,1,5
BRDA:20,1,2,4
BRDA:20,1,3,3
BRDA:20,1,4,3
BRDA:20,1,5,3
BRDA:20,1,6,3
BRDA:36,2,0,3
BRDA:36,2,1,1
BRDA:36,3,0,2
BRDA:36,3,1,1
BRDA:46,4,0,0
BRDA:50,5,0,0
BRDA:50,5,1,0
BRDA:53,6,0,0
BRDA:72,7,0,0
BRDA:77,8,0,0
BRDA:103,9,0,0
BRDA:104,10,0,0
BRDA:111,11,0,1
BRDA:117,12,0,1
BRDA:117,12,1,1
BRDA:117,13,0,2
BRDA:117,13,1,2
BRDA:137,14,0,1
BRDA:142,15,0,1
BRDA:142,15,1,1
BRDA:145,16,0,1
BRDA:145,16,1,1
BRDA:145,17,0,2
BRDA:145,17,1,1
BRF:33
BRH:25
end_of_record
